Information: Checking out the license 'DesignWare'. (SEC-104)
Information: Changed wire load model for 'wen' from '(none)' to 'ForQA'. (OPT-170)
Information: Changed wire load model for 'CNN2D_mydesign_0' from '(none)' to 'ForQA'. (OPT-170)
Information: Changed wire load model for 'CNN2D_mydesign_1' from '(none)' to 'ForQA'. (OPT-170)
Information: Changed wire load model for 'CNN2D_mydesign_2' from '(none)' to 'ForQA'. (OPT-170)
Information: Changed wire load model for 'CNN2D_mydesign_3' from '(none)' to 'ForQA'. (OPT-170)
Information: Changed wire load model for 'CNN2D_mydesign_4' from '(none)' to 'ForQA'. (OPT-170)
Information: Changed wire load model for 'CNN2D_mydesign_5' from '(none)' to 'ForQA'. (OPT-170)
Information: Changed wire load model for 'CNN2D_mydesign_6' from '(none)' to 'ForQA'. (OPT-170)
Information: Changed wire load model for 'CNN2D_mydesign_7' from '(none)' to 'ForQA'. (OPT-170)
Information: Changed wire load model for 'CNN2D_mydesign_8' from '(none)' to 'ForQA'. (OPT-170)
Information: Changed wire load model for 'CNN2D_mydesign_9' from '(none)' to 'ForQA'. (OPT-170)
Information: Changed wire load model for 'CNN2D_mydesign_10' from '(none)' to 'ForQA'. (OPT-170)
Information: Changed wire load model for 'CNN2D_mydesign_11' from '(none)' to 'ForQA'. (OPT-170)
Information: Changed wire load model for 'CNN2D_mydesign_12' from '(none)' to 'ForQA'. (OPT-170)
Information: Changed wire load model for 'CNN2D_mydesign_13' from '(none)' to 'ForQA'. (OPT-170)
Information: Changed wire load model for 'CNN2D_mydesign_14' from '(none)' to 'ForQA'. (OPT-170)
Information: Changed wire load model for 'CNN2D_mydesign_15' from '(none)' to 'ForQA'. (OPT-170)
Information: Changed wire load model for 'top_CNN' from '(none)' to 'ForQA'. (OPT-170)
Information: Changed wire load model for 'addr' from '(none)' to 'ForQA'. (OPT-170)
Information: Changed wire load model for 'bytemask' from '(none)' to 'ForQA'. (OPT-170)
Information: Changed wire load model for 'DW01_inc_width5' from '(none)' to 'ForQA'. (OPT-170)
Information: Changed wire load model for '*ADD_UNS_OP_5_1_5' from '(none)' to 'ForQA'. (OPT-170)
Information: Changed wire load model for 'DW01_inc_width5' from '(none)' to 'ForQA'. (OPT-170)
Information: Changed wire load model for '*ADD_UNS_OP_5_1_5' from '(none)' to 'ForQA'. (OPT-170)
Information: Changed wire load model for 'DW01_inc_width11' from '(none)' to 'ForQA'. (OPT-170)
Information: Changed wire load model for '*ADD_UNS_OP_1_11_11' from '(none)' to 'ForQA'. (OPT-170)
Information: Changed wire load model for 'DW01_inc_width5' from '(none)' to 'ForQA'. (OPT-170)
Information: Changed wire load model for '*ADD_UNS_OP_5_1_5' from '(none)' to 'ForQA'. (OPT-170)
Information: Changed wire load model for 'DW01_inc_width5' from '(none)' to 'ForQA'. (OPT-170)
Information: Changed wire load model for '*ADD_UNS_OP_5_1_5' from '(none)' to 'ForQA'. (OPT-170)
Information: Changed wire load model for 'DW01_inc_width10' from '(none)' to 'ForQA'. (OPT-170)
Information: Changed wire load model for '*ADD_UNS_OP_10_1_10' from '(none)' to 'ForQA'. (OPT-170)
Information: Changed wire load model for 'DW01_inc_width11' from '(none)' to 'ForQA'. (OPT-170)
Information: Changed wire load model for '*ADD_UNS_OP_1_11_11' from '(none)' to 'ForQA'. (OPT-170)
Information: Changed wire load model for 'DW01_inc_width5' from '(none)' to 'ForQA'. (OPT-170)
Information: Changed wire load model for '*ADD_UNS_OP_5_1_5' from '(none)' to 'ForQA'. (OPT-170)
Information: Changed wire load model for 'DW01_inc_width5' from '(none)' to 'ForQA'. (OPT-170)
Information: Changed wire load model for '*ADD_UNS_OP_5_1_5' from '(none)' to 'ForQA'. (OPT-170)
Information: Changed wire load model for 'DW01_inc_width11' from '(none)' to 'ForQA'. (OPT-170)
Information: Changed wire load model for '*ADD_UNS_OP_1_11_11' from '(none)' to 'ForQA'. (OPT-170)
Information: Changed wire load model for 'DW01_inc_width10' from '(none)' to 'ForQA'. (OPT-170)
Information: Changed wire load model for '*ADD_UNS_OP_10_1_10' from '(none)' to 'ForQA'. (OPT-170)
Information: Changed wire load model for 'DW01_inc_width11' from '(none)' to 'ForQA'. (OPT-170)
Information: Changed wire load model for '*ADD_UNS_OP_1_11_11' from '(none)' to 'ForQA'. (OPT-170)
Information: Changed wire load model for 'DW01_inc_width5' from '(none)' to 'ForQA'. (OPT-170)
Information: Changed wire load model for '*ADD_UNS_OP_5_1_5' from '(none)' to 'ForQA'. (OPT-170)
Information: Changed wire load model for 'DW01_inc_width5' from '(none)' to 'ForQA'. (OPT-170)
Information: Changed wire load model for '*ADD_UNS_OP_5_1_5' from '(none)' to 'ForQA'. (OPT-170)
Information: Changed wire load model for 'DW01_inc_width10' from '(none)' to 'ForQA'. (OPT-170)
Information: Changed wire load model for '*ADD_UNS_OP_10_1_10' from '(none)' to 'ForQA'. (OPT-170)
Information: Changed wire load model for 'DW01_inc_width2' from '(none)' to 'ForQA'. (OPT-170)
Information: Changed wire load model for '*ADD_UNS_OP_2_1_2' from '(none)' to 'ForQA'. (OPT-170)
Information: Changed wire load model for 'DW01_cmp2_width11' from '(none)' to 'ForQA'. (OPT-170)
Information: Changed wire load model for '*GEQ_UNS_OP_11_10_1' from '(none)' to 'ForQA'. (OPT-170)
Information: Changed wire load model for 'DW01_cmp2_width11' from '(none)' to 'ForQA'. (OPT-170)
Information: Changed wire load model for '*LT_UNS_OP_11_10_1' from '(none)' to 'ForQA'. (OPT-170)
Information: Changed wire load model for 'DW01_cmp2_width11' from '(none)' to 'ForQA'. (OPT-170)
Information: Changed wire load model for '*LEQ_UNS_OP_11_10_1' from '(none)' to 'ForQA'. (OPT-170)
Information: Changed wire load model for 'DW01_cmp2_width3' from '(none)' to 'ForQA'. (OPT-170)
Information: Changed wire load model for '*LEQ_UNS_OP_3_2_1' from '(none)' to 'ForQA'. (OPT-170)
Information: Changed wire load model for 'DW01_cmp2_width3' from '(none)' to 'ForQA'. (OPT-170)
Information: Changed wire load model for '*LEQ_UNS_OP_3_2_1' from '(none)' to 'ForQA'. (OPT-170)
Information: Changed wire load model for 'DW01_cmp2_width3' from '(none)' to 'ForQA'. (OPT-170)
Information: Changed wire load model for '*LEQ_UNS_OP_3_2_1' from '(none)' to 'ForQA'. (OPT-170)
Information: Changed wire load model for 'DW01_add_width16' from '(none)' to 'ForQA'. (OPT-170)
Information: Changed wire load model for '*ADD_TC_OP_16_16_16' from '(none)' to 'ForQA'. (OPT-170)
Information: Changed wire load model for 'DW01_add_width16' from '(none)' to 'ForQA'. (OPT-170)
Information: Changed wire load model for '*ADD_TC_OP_16_16_16' from '(none)' to 'ForQA'. (OPT-170)
Information: Changed wire load model for 'DW01_add_width16' from '(none)' to 'ForQA'. (OPT-170)
Information: Changed wire load model for '*ADD_TC_OP_16_16_16' from '(none)' to 'ForQA'. (OPT-170)
Information: Changed wire load model for 'DW01_add_width16' from '(none)' to 'ForQA'. (OPT-170)
Information: Changed wire load model for '*ADD_TC_OP_16_16_16' from '(none)' to 'ForQA'. (OPT-170)
Information: Changed wire load model for 'DW01_add_width16' from '(none)' to 'ForQA'. (OPT-170)
Information: Changed wire load model for '*ADD_TC_OP_16_16_16' from '(none)' to 'ForQA'. (OPT-170)
Information: Changed wire load model for 'DW01_add_width16' from '(none)' to 'ForQA'. (OPT-170)
Information: Changed wire load model for '*ADD_TC_OP_16_16_16' from '(none)' to 'ForQA'. (OPT-170)
Information: Changed wire load model for 'DW01_add_width16' from '(none)' to 'ForQA'. (OPT-170)
Information: Changed wire load model for '*ADD_TC_OP_16_16_16' from '(none)' to 'ForQA'. (OPT-170)
Information: Changed wire load model for 'DW01_add_width16' from '(none)' to 'ForQA'. (OPT-170)
Information: Changed wire load model for '*ADD_TC_OP_16_16_16' from '(none)' to 'ForQA'. (OPT-170)
Information: Changed wire load model for 'DW01_add_width16' from '(none)' to 'ForQA'. (OPT-170)
Information: Changed wire load model for '*ADD_TC_OP_16_16_16' from '(none)' to 'ForQA'. (OPT-170)
Information: Changed wire load model for 'DW01_add_width16' from '(none)' to 'ForQA'. (OPT-170)
Information: Changed wire load model for '*ADD_TC_OP_16_16_16' from '(none)' to 'ForQA'. (OPT-170)
Information: Changed wire load model for 'DW01_add_width16' from '(none)' to 'ForQA'. (OPT-170)
Information: Changed wire load model for '*ADD_TC_OP_16_16_16' from '(none)' to 'ForQA'. (OPT-170)
Information: Changed wire load model for 'DW01_add_width16' from '(none)' to 'ForQA'. (OPT-170)
Information: Changed wire load model for '*ADD_TC_OP_16_16_16' from '(none)' to 'ForQA'. (OPT-170)
Information: Changed wire load model for 'DW01_add_width18' from '(none)' to 'ForQA'. (OPT-170)
Information: Changed wire load model for '*ADD_TC_OP_17_7_18' from '(none)' to 'ForQA'. (OPT-170)
Information: Changed wire load model for 'DW01_add_width18' from '(none)' to 'ForQA'. (OPT-170)
Information: Changed wire load model for '*ADD_TC_OP_17_7_18' from '(none)' to 'ForQA'. (OPT-170)
Information: Changed wire load model for 'DW01_add_width18' from '(none)' to 'ForQA'. (OPT-170)
Information: Changed wire load model for '*ADD_TC_OP_17_7_18' from '(none)' to 'ForQA'. (OPT-170)
Information: Changed wire load model for 'DW01_add_width18' from '(none)' to 'ForQA'. (OPT-170)
Information: Changed wire load model for '*ADD_TC_OP_17_7_18' from '(none)' to 'ForQA'. (OPT-170)
Information: Changed wire load model for 'DW01_add_width16' from '(none)' to 'ForQA'. (OPT-170)
Information: Changed wire load model for '*ADD_TC_OP_16_6_16' from '(none)' to 'ForQA'. (OPT-170)
Information: Changed wire load model for 'DW01_add_width16' from '(none)' to 'ForQA'. (OPT-170)
Information: Changed wire load model for '*ADD_TC_OP_16_8_16' from '(none)' to 'ForQA'. (OPT-170)
Information: Changed wire load model for 'DW01_add_width16' from '(none)' to 'ForQA'. (OPT-170)
Information: Changed wire load model for '*ADD_TC_OP_16_6_16' from '(none)' to 'ForQA'. (OPT-170)
Information: Changed wire load model for 'DW01_add_width16' from '(none)' to 'ForQA'. (OPT-170)
Information: Changed wire load model for '*ADD_TC_OP_16_8_16' from '(none)' to 'ForQA'. (OPT-170)
Information: Changed wire load model for 'DW01_add_width16' from '(none)' to 'ForQA'. (OPT-170)
Information: Changed wire load model for '*ADD_TC_OP_16_6_16' from '(none)' to 'ForQA'. (OPT-170)
Information: Changed wire load model for 'DW01_add_width16' from '(none)' to 'ForQA'. (OPT-170)
Information: Changed wire load model for '*ADD_TC_OP_16_8_16' from '(none)' to 'ForQA'. (OPT-170)
Information: Changed wire load model for 'DW01_add_width16' from '(none)' to 'ForQA'. (OPT-170)
Information: Changed wire load model for '*ADD_TC_OP_16_6_16' from '(none)' to 'ForQA'. (OPT-170)
Information: Changed wire load model for 'DW01_add_width16' from '(none)' to 'ForQA'. (OPT-170)
Information: Changed wire load model for '*ADD_TC_OP_16_8_16' from '(none)' to 'ForQA'. (OPT-170)
Information: Changed wire load model for 'DW01_add_width17' from '(none)' to 'ForQA'. (OPT-170)
Information: Changed wire load model for '*ADD_TC_OP_16_7_17' from '(none)' to 'ForQA'. (OPT-170)
Information: Changed wire load model for 'DW01_add_width17' from '(none)' to 'ForQA'. (OPT-170)
Information: Changed wire load model for '*ADD_TC_OP_16_7_17' from '(none)' to 'ForQA'. (OPT-170)
Information: Changed wire load model for 'DW01_add_width17' from '(none)' to 'ForQA'. (OPT-170)
Information: Changed wire load model for '*ADD_TC_OP_16_7_17' from '(none)' to 'ForQA'. (OPT-170)
Information: Changed wire load model for 'DW01_add_width17' from '(none)' to 'ForQA'. (OPT-170)
Information: Changed wire load model for '*ADD_TC_OP_16_7_17' from '(none)' to 'ForQA'. (OPT-170)
Information: Changed wire load model for 'DW01_add_width16' from '(none)' to 'ForQA'. (OPT-170)
Information: Changed wire load model for '*ADD_TC_OP_16_7_16' from '(none)' to 'ForQA'. (OPT-170)
Information: Changed wire load model for 'DW01_add_width16' from '(none)' to 'ForQA'. (OPT-170)
Information: Changed wire load model for '*ADD_TC_OP_16_11_16' from '(none)' to 'ForQA'. (OPT-170)
Information: Changed wire load model for 'DW01_add_width16' from '(none)' to 'ForQA'. (OPT-170)
Information: Changed wire load model for '*ADD_TC_OP_16_7_16' from '(none)' to 'ForQA'. (OPT-170)
Information: Changed wire load model for 'DW01_add_width16' from '(none)' to 'ForQA'. (OPT-170)
Information: Changed wire load model for '*ADD_TC_OP_16_11_16' from '(none)' to 'ForQA'. (OPT-170)
Information: Changed wire load model for 'DW01_add_width16' from '(none)' to 'ForQA'. (OPT-170)
Information: Changed wire load model for '*ADD_TC_OP_16_7_16' from '(none)' to 'ForQA'. (OPT-170)
Information: Changed wire load model for 'DW01_add_width16' from '(none)' to 'ForQA'. (OPT-170)
Information: Changed wire load model for '*ADD_TC_OP_16_11_16' from '(none)' to 'ForQA'. (OPT-170)
Information: Changed wire load model for 'DW01_add_width16' from '(none)' to 'ForQA'. (OPT-170)
Information: Changed wire load model for '*ADD_TC_OP_16_7_16' from '(none)' to 'ForQA'. (OPT-170)
Information: Changed wire load model for 'DW01_add_width16' from '(none)' to 'ForQA'. (OPT-170)
Information: Changed wire load model for '*ADD_TC_OP_16_11_16' from '(none)' to 'ForQA'. (OPT-170)
Information: Changed wire load model for 'DW01_add_width16' from '(none)' to 'ForQA'. (OPT-170)
Information: Changed wire load model for '*ADD_TC_OP_16_16_16' from '(none)' to 'ForQA'. (OPT-170)
Information: Changed wire load model for 'DW01_add_width16' from '(none)' to 'ForQA'. (OPT-170)
Information: Changed wire load model for '*ADD_TC_OP_16_16_16' from '(none)' to 'ForQA'. (OPT-170)
Information: Changed wire load model for 'DW01_add_width16' from '(none)' to 'ForQA'. (OPT-170)
Information: Changed wire load model for '*ADD_TC_OP_16_16_16' from '(none)' to 'ForQA'. (OPT-170)
Information: Changed wire load model for 'DW01_add_width16' from '(none)' to 'ForQA'. (OPT-170)
Information: Changed wire load model for '*ADD_TC_OP_16_16_16' from '(none)' to 'ForQA'. (OPT-170)
Information: Changed wire load model for 'DW01_add_width16' from '(none)' to 'ForQA'. (OPT-170)
Information: Changed wire load model for '*ADD_TC_OP_16_16_16' from '(none)' to 'ForQA'. (OPT-170)
Information: Changed wire load model for 'DW01_add_width16' from '(none)' to 'ForQA'. (OPT-170)
Information: Changed wire load model for '*ADD_TC_OP_16_16_16' from '(none)' to 'ForQA'. (OPT-170)
Information: Changed wire load model for 'DW01_add_width16' from '(none)' to 'ForQA'. (OPT-170)
Information: Changed wire load model for '*ADD_TC_OP_16_16_16' from '(none)' to 'ForQA'. (OPT-170)
Information: Changed wire load model for 'DW01_add_width16' from '(none)' to 'ForQA'. (OPT-170)
Information: Changed wire load model for '*ADD_TC_OP_16_16_16' from '(none)' to 'ForQA'. (OPT-170)
Information: Changed wire load model for 'DW01_add_width16' from '(none)' to 'ForQA'. (OPT-170)
Information: Changed wire load model for '*ADD_TC_OP_16_16_16' from '(none)' to 'ForQA'. (OPT-170)
Information: Changed wire load model for 'DW01_add_width16' from '(none)' to 'ForQA'. (OPT-170)
Information: Changed wire load model for '*ADD_TC_OP_16_16_16' from '(none)' to 'ForQA'. (OPT-170)
Information: Changed wire load model for 'DW01_add_width16' from '(none)' to 'ForQA'. (OPT-170)
Information: Changed wire load model for '*ADD_TC_OP_16_16_16' from '(none)' to 'ForQA'. (OPT-170)
Information: Changed wire load model for 'DW01_add_width16' from '(none)' to 'ForQA'. (OPT-170)
Information: Changed wire load model for '*ADD_TC_OP_16_16_16' from '(none)' to 'ForQA'. (OPT-170)
Information: Changed wire load model for 'DW01_add_width16' from '(none)' to 'ForQA'. (OPT-170)
Information: Changed wire load model for '*ADD_TC_OP_16_16_16' from '(none)' to 'ForQA'. (OPT-170)
Information: Changed wire load model for 'DW01_add_width16' from '(none)' to 'ForQA'. (OPT-170)
Information: Changed wire load model for '*ADD_TC_OP_16_16_16' from '(none)' to 'ForQA'. (OPT-170)
Information: Changed wire load model for 'DW01_add_width16' from '(none)' to 'ForQA'. (OPT-170)
Information: Changed wire load model for '*ADD_TC_OP_16_16_16' from '(none)' to 'ForQA'. (OPT-170)
Information: Changed wire load model for 'DW01_add_width16' from '(none)' to 'ForQA'. (OPT-170)
Information: Changed wire load model for '*ADD_TC_OP_16_16_16' from '(none)' to 'ForQA'. (OPT-170)
Information: Changed wire load model for 'DW01_add_width16' from '(none)' to 'ForQA'. (OPT-170)
Information: Changed wire load model for '*ADD_TC_OP_16_16_16' from '(none)' to 'ForQA'. (OPT-170)
Information: Changed wire load model for 'DW01_add_width16' from '(none)' to 'ForQA'. (OPT-170)
Information: Changed wire load model for '*ADD_TC_OP_16_16_16' from '(none)' to 'ForQA'. (OPT-170)
Information: Changed wire load model for 'DW01_add_width16' from '(none)' to 'ForQA'. (OPT-170)
Information: Changed wire load model for '*ADD_TC_OP_16_16_16' from '(none)' to 'ForQA'. (OPT-170)
Information: Changed wire load model for 'DW01_add_width16' from '(none)' to 'ForQA'. (OPT-170)
Information: Changed wire load model for '*ADD_TC_OP_16_16_16' from '(none)' to 'ForQA'. (OPT-170)
Information: Changed wire load model for 'DW01_add_width16' from '(none)' to 'ForQA'. (OPT-170)
Information: Changed wire load model for '*ADD_TC_OP_16_16_16' from '(none)' to 'ForQA'. (OPT-170)
Information: Changed wire load model for 'DW01_add_width16' from '(none)' to 'ForQA'. (OPT-170)
Information: Changed wire load model for '*ADD_TC_OP_16_16_16' from '(none)' to 'ForQA'. (OPT-170)
Information: Changed wire load model for 'DW01_add_width16' from '(none)' to 'ForQA'. (OPT-170)
Information: Changed wire load model for '*ADD_TC_OP_16_16_16' from '(none)' to 'ForQA'. (OPT-170)
Information: Changed wire load model for 'DW01_add_width16' from '(none)' to 'ForQA'. (OPT-170)
Information: Changed wire load model for '*ADD_TC_OP_16_16_16' from '(none)' to 'ForQA'. (OPT-170)
Information: Changed wire load model for 'DW01_add_width16' from '(none)' to 'ForQA'. (OPT-170)
Information: Changed wire load model for '*ADD_TC_OP_16_12_16' from '(none)' to 'ForQA'. (OPT-170)
Information: Changed wire load model for 'DW01_add_width16' from '(none)' to 'ForQA'. (OPT-170)
Information: Changed wire load model for '*ADD_TC_OP_16_12_16' from '(none)' to 'ForQA'. (OPT-170)
Information: Changed wire load model for 'DW01_add_width16' from '(none)' to 'ForQA'. (OPT-170)
Information: Changed wire load model for '*ADD_TC_OP_16_12_16' from '(none)' to 'ForQA'. (OPT-170)
Information: Changed wire load model for 'DW01_add_width16' from '(none)' to 'ForQA'. (OPT-170)
Information: Changed wire load model for '*ADD_TC_OP_16_12_16' from '(none)' to 'ForQA'. (OPT-170)
Information: Changed wire load model for 'DW01_add_width16' from '(none)' to 'ForQA'. (OPT-170)
Information: Changed wire load model for '*ADD_TC_OP_15_12_16' from '(none)' to 'ForQA'. (OPT-170)
Information: Changed wire load model for 'DW01_add_width15' from '(none)' to 'ForQA'. (OPT-170)
Information: Changed wire load model for '*ADD_TC_OP_14_12_15' from '(none)' to 'ForQA'. (OPT-170)
Information: Changed wire load model for 'DW01_add_width14' from '(none)' to 'ForQA'. (OPT-170)
Information: Changed wire load model for '*ADD_TC_OP_13_12_14' from '(none)' to 'ForQA'. (OPT-170)
Information: Changed wire load model for 'DW01_add_width13' from '(none)' to 'ForQA'. (OPT-170)
Information: Changed wire load model for '*ADD_TC_OP_12_12_13' from '(none)' to 'ForQA'. (OPT-170)
Information: Changed wire load model for 'DW02_mult' from '(none)' to 'ForQA'. (OPT-170)
Information: Changed wire load model for '*MULT_TC_OP_8_4_12' from '(none)' to 'ForQA'. (OPT-170)
Information: Changed wire load model for 'DW02_mult' from '(none)' to 'ForQA'. (OPT-170)
Information: Changed wire load model for '*MULT_TC_OP_8_4_12' from '(none)' to 'ForQA'. (OPT-170)
Information: Changed wire load model for 'DW02_mult' from '(none)' to 'ForQA'. (OPT-170)
Information: Changed wire load model for '*MULT_TC_OP_8_4_12' from '(none)' to 'ForQA'. (OPT-170)
Information: Changed wire load model for 'DW02_mult' from '(none)' to 'ForQA'. (OPT-170)
Information: Changed wire load model for '*MULT_TC_OP_8_4_12' from '(none)' to 'ForQA'. (OPT-170)
Information: Changed wire load model for 'DW02_mult' from '(none)' to 'ForQA'. (OPT-170)
Information: Changed wire load model for '*MULT_TC_OP_8_4_12' from '(none)' to 'ForQA'. (OPT-170)
Information: Changed wire load model for 'DW02_mult' from '(none)' to 'ForQA'. (OPT-170)
Information: Changed wire load model for '*MULT_TC_OP_8_4_12' from '(none)' to 'ForQA'. (OPT-170)
Information: Changed wire load model for 'DW02_mult' from '(none)' to 'ForQA'. (OPT-170)
Information: Changed wire load model for '*MULT_TC_OP_8_4_12' from '(none)' to 'ForQA'. (OPT-170)
Information: Changed wire load model for 'DW02_mult' from '(none)' to 'ForQA'. (OPT-170)
Information: Changed wire load model for '*MULT_TC_OP_8_4_12' from '(none)' to 'ForQA'. (OPT-170)
Information: Changed wire load model for 'DW02_mult' from '(none)' to 'ForQA'. (OPT-170)
Information: Changed wire load model for '*MULT_TC_OP_8_4_12' from '(none)' to 'ForQA'. (OPT-170)
Information: Changed wire load model for 'DW01_add_width16' from '(none)' to 'ForQA'. (OPT-170)
Information: Changed wire load model for '*ADD_TC_OP_16_12_16' from '(none)' to 'ForQA'. (OPT-170)
Information: Changed wire load model for 'DW01_add_width16' from '(none)' to 'ForQA'. (OPT-170)
Information: Changed wire load model for '*ADD_TC_OP_16_12_16' from '(none)' to 'ForQA'. (OPT-170)
Information: Changed wire load model for 'DW01_add_width16' from '(none)' to 'ForQA'. (OPT-170)
Information: Changed wire load model for '*ADD_TC_OP_16_12_16' from '(none)' to 'ForQA'. (OPT-170)
Information: Changed wire load model for 'DW01_add_width16' from '(none)' to 'ForQA'. (OPT-170)
Information: Changed wire load model for '*ADD_TC_OP_16_12_16' from '(none)' to 'ForQA'. (OPT-170)
Information: Changed wire load model for 'DW01_add_width16' from '(none)' to 'ForQA'. (OPT-170)
Information: Changed wire load model for '*ADD_TC_OP_15_12_16' from '(none)' to 'ForQA'. (OPT-170)
Information: Changed wire load model for 'DW01_add_width15' from '(none)' to 'ForQA'. (OPT-170)
Information: Changed wire load model for '*ADD_TC_OP_14_12_15' from '(none)' to 'ForQA'. (OPT-170)
Information: Changed wire load model for 'DW01_add_width14' from '(none)' to 'ForQA'. (OPT-170)
Information: Changed wire load model for '*ADD_TC_OP_13_12_14' from '(none)' to 'ForQA'. (OPT-170)
Information: Changed wire load model for 'DW01_add_width13' from '(none)' to 'ForQA'. (OPT-170)
Information: Changed wire load model for '*ADD_TC_OP_12_12_13' from '(none)' to 'ForQA'. (OPT-170)
Information: Changed wire load model for 'DW02_mult' from '(none)' to 'ForQA'. (OPT-170)
Information: Changed wire load model for '*MULT_TC_OP_8_4_12' from '(none)' to 'ForQA'. (OPT-170)
Information: Changed wire load model for 'DW02_mult' from '(none)' to 'ForQA'. (OPT-170)
Information: Changed wire load model for '*MULT_TC_OP_8_4_12' from '(none)' to 'ForQA'. (OPT-170)
Information: Changed wire load model for 'DW02_mult' from '(none)' to 'ForQA'. (OPT-170)
Information: Changed wire load model for '*MULT_TC_OP_8_4_12' from '(none)' to 'ForQA'. (OPT-170)
Information: Changed wire load model for 'DW02_mult' from '(none)' to 'ForQA'. (OPT-170)
Information: Changed wire load model for '*MULT_TC_OP_8_4_12' from '(none)' to 'ForQA'. (OPT-170)
Information: Changed wire load model for 'DW02_mult' from '(none)' to 'ForQA'. (OPT-170)
Information: Changed wire load model for '*MULT_TC_OP_8_4_12' from '(none)' to 'ForQA'. (OPT-170)
Information: Changed wire load model for 'DW02_mult' from '(none)' to 'ForQA'. (OPT-170)
Information: Changed wire load model for '*MULT_TC_OP_8_4_12' from '(none)' to 'ForQA'. (OPT-170)
Information: Changed wire load model for 'DW02_mult' from '(none)' to 'ForQA'. (OPT-170)
Information: Changed wire load model for '*MULT_TC_OP_8_4_12' from '(none)' to 'ForQA'. (OPT-170)
Information: Changed wire load model for 'DW02_mult' from '(none)' to 'ForQA'. (OPT-170)
Information: Changed wire load model for '*MULT_TC_OP_8_4_12' from '(none)' to 'ForQA'. (OPT-170)
Information: Changed wire load model for 'DW02_mult' from '(none)' to 'ForQA'. (OPT-170)
Information: Changed wire load model for '*MULT_TC_OP_8_4_12' from '(none)' to 'ForQA'. (OPT-170)
Information: Changed wire load model for 'DW01_add_width16' from '(none)' to 'ForQA'. (OPT-170)
Information: Changed wire load model for '*ADD_TC_OP_16_12_16' from '(none)' to 'ForQA'. (OPT-170)
Information: Changed wire load model for 'DW01_add_width16' from '(none)' to 'ForQA'. (OPT-170)
Information: Changed wire load model for '*ADD_TC_OP_16_12_16' from '(none)' to 'ForQA'. (OPT-170)
Information: Changed wire load model for 'DW01_add_width16' from '(none)' to 'ForQA'. (OPT-170)
Information: Changed wire load model for '*ADD_TC_OP_16_12_16' from '(none)' to 'ForQA'. (OPT-170)
Information: Changed wire load model for 'DW01_add_width16' from '(none)' to 'ForQA'. (OPT-170)
Information: Changed wire load model for '*ADD_TC_OP_16_12_16' from '(none)' to 'ForQA'. (OPT-170)
Information: Changed wire load model for 'DW01_add_width16' from '(none)' to 'ForQA'. (OPT-170)
Information: Changed wire load model for '*ADD_TC_OP_15_12_16' from '(none)' to 'ForQA'. (OPT-170)
Information: Changed wire load model for 'DW01_add_width15' from '(none)' to 'ForQA'. (OPT-170)
Information: Changed wire load model for '*ADD_TC_OP_14_12_15' from '(none)' to 'ForQA'. (OPT-170)
Information: Changed wire load model for 'DW01_add_width14' from '(none)' to 'ForQA'. (OPT-170)
Information: Changed wire load model for '*ADD_TC_OP_13_12_14' from '(none)' to 'ForQA'. (OPT-170)
Information: Changed wire load model for 'DW01_add_width13' from '(none)' to 'ForQA'. (OPT-170)
Information: Changed wire load model for '*ADD_TC_OP_12_12_13' from '(none)' to 'ForQA'. (OPT-170)
Information: Changed wire load model for 'DW02_mult' from '(none)' to 'ForQA'. (OPT-170)
Information: Changed wire load model for '*MULT_TC_OP_8_4_12' from '(none)' to 'ForQA'. (OPT-170)
Information: Changed wire load model for 'DW02_mult' from '(none)' to 'ForQA'. (OPT-170)
Information: Changed wire load model for '*MULT_TC_OP_8_4_12' from '(none)' to 'ForQA'. (OPT-170)
Information: Changed wire load model for 'DW02_mult' from '(none)' to 'ForQA'. (OPT-170)
Information: Changed wire load model for '*MULT_TC_OP_8_4_12' from '(none)' to 'ForQA'. (OPT-170)
Information: Changed wire load model for 'DW02_mult' from '(none)' to 'ForQA'. (OPT-170)
Information: Changed wire load model for '*MULT_TC_OP_8_4_12' from '(none)' to 'ForQA'. (OPT-170)
Information: Changed wire load model for 'DW02_mult' from '(none)' to 'ForQA'. (OPT-170)
Information: Changed wire load model for '*MULT_TC_OP_8_4_12' from '(none)' to 'ForQA'. (OPT-170)
Information: Changed wire load model for 'DW02_mult' from '(none)' to 'ForQA'. (OPT-170)
Information: Changed wire load model for '*MULT_TC_OP_8_4_12' from '(none)' to 'ForQA'. (OPT-170)
Information: Changed wire load model for 'DW02_mult' from '(none)' to 'ForQA'. (OPT-170)
Information: Changed wire load model for '*MULT_TC_OP_8_4_12' from '(none)' to 'ForQA'. (OPT-170)
Information: Changed wire load model for 'DW02_mult' from '(none)' to 'ForQA'. (OPT-170)
Information: Changed wire load model for '*MULT_TC_OP_8_4_12' from '(none)' to 'ForQA'. (OPT-170)
Information: Changed wire load model for 'DW02_mult' from '(none)' to 'ForQA'. (OPT-170)
Information: Changed wire load model for '*MULT_TC_OP_8_4_12' from '(none)' to 'ForQA'. (OPT-170)
Information: Changed wire load model for 'DW01_add_width16' from '(none)' to 'ForQA'. (OPT-170)
Information: Changed wire load model for '*ADD_TC_OP_16_12_16' from '(none)' to 'ForQA'. (OPT-170)
Information: Changed wire load model for 'DW01_add_width16' from '(none)' to 'ForQA'. (OPT-170)
Information: Changed wire load model for '*ADD_TC_OP_16_12_16' from '(none)' to 'ForQA'. (OPT-170)
Information: Changed wire load model for 'DW01_add_width16' from '(none)' to 'ForQA'. (OPT-170)
Information: Changed wire load model for '*ADD_TC_OP_16_12_16' from '(none)' to 'ForQA'. (OPT-170)
Information: Changed wire load model for 'DW01_add_width16' from '(none)' to 'ForQA'. (OPT-170)
Information: Changed wire load model for '*ADD_TC_OP_16_12_16' from '(none)' to 'ForQA'. (OPT-170)
Information: Changed wire load model for 'DW01_add_width16' from '(none)' to 'ForQA'. (OPT-170)
Information: Changed wire load model for '*ADD_TC_OP_15_12_16' from '(none)' to 'ForQA'. (OPT-170)
Information: Changed wire load model for 'DW01_add_width15' from '(none)' to 'ForQA'. (OPT-170)
Information: Changed wire load model for '*ADD_TC_OP_14_12_15' from '(none)' to 'ForQA'. (OPT-170)
Information: Changed wire load model for 'DW01_add_width14' from '(none)' to 'ForQA'. (OPT-170)
Information: Changed wire load model for '*ADD_TC_OP_13_12_14' from '(none)' to 'ForQA'. (OPT-170)
Information: Changed wire load model for 'DW01_add_width13' from '(none)' to 'ForQA'. (OPT-170)
Information: Changed wire load model for '*ADD_TC_OP_12_12_13' from '(none)' to 'ForQA'. (OPT-170)
Information: Changed wire load model for 'DW02_mult' from '(none)' to 'ForQA'. (OPT-170)
Information: Changed wire load model for '*MULT_TC_OP_8_4_12' from '(none)' to 'ForQA'. (OPT-170)
Information: Changed wire load model for 'DW02_mult' from '(none)' to 'ForQA'. (OPT-170)
Information: Changed wire load model for '*MULT_TC_OP_8_4_12' from '(none)' to 'ForQA'. (OPT-170)
Information: Changed wire load model for 'DW02_mult' from '(none)' to 'ForQA'. (OPT-170)
Information: Changed wire load model for '*MULT_TC_OP_8_4_12' from '(none)' to 'ForQA'. (OPT-170)
Information: Changed wire load model for 'DW02_mult' from '(none)' to 'ForQA'. (OPT-170)
Information: Changed wire load model for '*MULT_TC_OP_8_4_12' from '(none)' to 'ForQA'. (OPT-170)
Information: Changed wire load model for 'DW02_mult' from '(none)' to 'ForQA'. (OPT-170)
Information: Changed wire load model for '*MULT_TC_OP_8_4_12' from '(none)' to 'ForQA'. (OPT-170)
Information: Changed wire load model for 'DW02_mult' from '(none)' to 'ForQA'. (OPT-170)
Information: Changed wire load model for '*MULT_TC_OP_8_4_12' from '(none)' to 'ForQA'. (OPT-170)
Information: Changed wire load model for 'DW02_mult' from '(none)' to 'ForQA'. (OPT-170)
Information: Changed wire load model for '*MULT_TC_OP_8_4_12' from '(none)' to 'ForQA'. (OPT-170)
Information: Changed wire load model for 'DW02_mult' from '(none)' to 'ForQA'. (OPT-170)
Information: Changed wire load model for '*MULT_TC_OP_8_4_12' from '(none)' to 'ForQA'. (OPT-170)
Information: Changed wire load model for 'DW02_mult' from '(none)' to 'ForQA'. (OPT-170)
Information: Changed wire load model for '*MULT_TC_OP_8_4_12' from '(none)' to 'ForQA'. (OPT-170)
Information: Changed wire load model for 'DW01_add_width16' from '(none)' to 'ForQA'. (OPT-170)
Information: Changed wire load model for '*ADD_TC_OP_16_12_16' from '(none)' to 'ForQA'. (OPT-170)
Information: Changed wire load model for 'DW01_add_width16' from '(none)' to 'ForQA'. (OPT-170)
Information: Changed wire load model for '*ADD_TC_OP_16_12_16' from '(none)' to 'ForQA'. (OPT-170)
Information: Changed wire load model for 'DW01_add_width16' from '(none)' to 'ForQA'. (OPT-170)
Information: Changed wire load model for '*ADD_TC_OP_16_12_16' from '(none)' to 'ForQA'. (OPT-170)
Information: Changed wire load model for 'DW01_add_width16' from '(none)' to 'ForQA'. (OPT-170)
Information: Changed wire load model for '*ADD_TC_OP_16_12_16' from '(none)' to 'ForQA'. (OPT-170)
Information: Changed wire load model for 'DW01_add_width16' from '(none)' to 'ForQA'. (OPT-170)
Information: Changed wire load model for '*ADD_TC_OP_15_12_16' from '(none)' to 'ForQA'. (OPT-170)
Information: Changed wire load model for 'DW01_add_width15' from '(none)' to 'ForQA'. (OPT-170)
Information: Changed wire load model for '*ADD_TC_OP_14_12_15' from '(none)' to 'ForQA'. (OPT-170)
Information: Changed wire load model for 'DW01_add_width14' from '(none)' to 'ForQA'. (OPT-170)
Information: Changed wire load model for '*ADD_TC_OP_13_12_14' from '(none)' to 'ForQA'. (OPT-170)
Information: Changed wire load model for 'DW01_add_width13' from '(none)' to 'ForQA'. (OPT-170)
Information: Changed wire load model for '*ADD_TC_OP_12_12_13' from '(none)' to 'ForQA'. (OPT-170)
Information: Changed wire load model for 'DW02_mult' from '(none)' to 'ForQA'. (OPT-170)
Information: Changed wire load model for '*MULT_TC_OP_8_4_12' from '(none)' to 'ForQA'. (OPT-170)
Information: Changed wire load model for 'DW02_mult' from '(none)' to 'ForQA'. (OPT-170)
Information: Changed wire load model for '*MULT_TC_OP_8_4_12' from '(none)' to 'ForQA'. (OPT-170)
Information: Changed wire load model for 'DW02_mult' from '(none)' to 'ForQA'. (OPT-170)
Information: Changed wire load model for '*MULT_TC_OP_8_4_12' from '(none)' to 'ForQA'. (OPT-170)
Information: Changed wire load model for 'DW02_mult' from '(none)' to 'ForQA'. (OPT-170)
Information: Changed wire load model for '*MULT_TC_OP_8_4_12' from '(none)' to 'ForQA'. (OPT-170)
Information: Changed wire load model for 'DW02_mult' from '(none)' to 'ForQA'. (OPT-170)
Information: Changed wire load model for '*MULT_TC_OP_8_4_12' from '(none)' to 'ForQA'. (OPT-170)
Information: Changed wire load model for 'DW02_mult' from '(none)' to 'ForQA'. (OPT-170)
Information: Changed wire load model for '*MULT_TC_OP_8_4_12' from '(none)' to 'ForQA'. (OPT-170)
Information: Changed wire load model for 'DW02_mult' from '(none)' to 'ForQA'. (OPT-170)
Information: Changed wire load model for '*MULT_TC_OP_8_4_12' from '(none)' to 'ForQA'. (OPT-170)
Information: Changed wire load model for 'DW02_mult' from '(none)' to 'ForQA'. (OPT-170)
Information: Changed wire load model for '*MULT_TC_OP_8_4_12' from '(none)' to 'ForQA'. (OPT-170)
Information: Changed wire load model for 'DW02_mult' from '(none)' to 'ForQA'. (OPT-170)
Information: Changed wire load model for '*MULT_TC_OP_8_4_12' from '(none)' to 'ForQA'. (OPT-170)
Information: Changed wire load model for 'DW01_add_width16' from '(none)' to 'ForQA'. (OPT-170)
Information: Changed wire load model for '*ADD_TC_OP_16_12_16' from '(none)' to 'ForQA'. (OPT-170)
Information: Changed wire load model for 'DW01_add_width16' from '(none)' to 'ForQA'. (OPT-170)
Information: Changed wire load model for '*ADD_TC_OP_16_12_16' from '(none)' to 'ForQA'. (OPT-170)
Information: Changed wire load model for 'DW01_add_width16' from '(none)' to 'ForQA'. (OPT-170)
Information: Changed wire load model for '*ADD_TC_OP_16_12_16' from '(none)' to 'ForQA'. (OPT-170)
Information: Changed wire load model for 'DW01_add_width16' from '(none)' to 'ForQA'. (OPT-170)
Information: Changed wire load model for '*ADD_TC_OP_16_12_16' from '(none)' to 'ForQA'. (OPT-170)
Information: Changed wire load model for 'DW01_add_width16' from '(none)' to 'ForQA'. (OPT-170)
Information: Changed wire load model for '*ADD_TC_OP_15_12_16' from '(none)' to 'ForQA'. (OPT-170)
Information: Changed wire load model for 'DW01_add_width15' from '(none)' to 'ForQA'. (OPT-170)
Information: Changed wire load model for '*ADD_TC_OP_14_12_15' from '(none)' to 'ForQA'. (OPT-170)
Information: Changed wire load model for 'DW01_add_width14' from '(none)' to 'ForQA'. (OPT-170)
Information: Changed wire load model for '*ADD_TC_OP_13_12_14' from '(none)' to 'ForQA'. (OPT-170)
Information: Changed wire load model for 'DW01_add_width13' from '(none)' to 'ForQA'. (OPT-170)
Information: Changed wire load model for '*ADD_TC_OP_12_12_13' from '(none)' to 'ForQA'. (OPT-170)
Information: Changed wire load model for 'DW02_mult' from '(none)' to 'ForQA'. (OPT-170)
Information: Changed wire load model for '*MULT_TC_OP_8_4_12' from '(none)' to 'ForQA'. (OPT-170)
Information: Changed wire load model for 'DW02_mult' from '(none)' to 'ForQA'. (OPT-170)
Information: Changed wire load model for '*MULT_TC_OP_8_4_12' from '(none)' to 'ForQA'. (OPT-170)
Information: Changed wire load model for 'DW02_mult' from '(none)' to 'ForQA'. (OPT-170)
Information: Changed wire load model for '*MULT_TC_OP_8_4_12' from '(none)' to 'ForQA'. (OPT-170)
Information: Changed wire load model for 'DW02_mult' from '(none)' to 'ForQA'. (OPT-170)
Information: Changed wire load model for '*MULT_TC_OP_8_4_12' from '(none)' to 'ForQA'. (OPT-170)
Information: Changed wire load model for 'DW02_mult' from '(none)' to 'ForQA'. (OPT-170)
Information: Changed wire load model for '*MULT_TC_OP_8_4_12' from '(none)' to 'ForQA'. (OPT-170)
Information: Changed wire load model for 'DW02_mult' from '(none)' to 'ForQA'. (OPT-170)
Information: Changed wire load model for '*MULT_TC_OP_8_4_12' from '(none)' to 'ForQA'. (OPT-170)
Information: Changed wire load model for 'DW02_mult' from '(none)' to 'ForQA'. (OPT-170)
Information: Changed wire load model for '*MULT_TC_OP_8_4_12' from '(none)' to 'ForQA'. (OPT-170)
Information: Changed wire load model for 'DW02_mult' from '(none)' to 'ForQA'. (OPT-170)
Information: Changed wire load model for '*MULT_TC_OP_8_4_12' from '(none)' to 'ForQA'. (OPT-170)
Information: Changed wire load model for 'DW02_mult' from '(none)' to 'ForQA'. (OPT-170)
Information: Changed wire load model for '*MULT_TC_OP_8_4_12' from '(none)' to 'ForQA'. (OPT-170)
Information: Changed wire load model for 'DW01_add_width16' from '(none)' to 'ForQA'. (OPT-170)
Information: Changed wire load model for '*ADD_TC_OP_16_12_16' from '(none)' to 'ForQA'. (OPT-170)
Information: Changed wire load model for 'DW01_add_width16' from '(none)' to 'ForQA'. (OPT-170)
Information: Changed wire load model for '*ADD_TC_OP_16_12_16' from '(none)' to 'ForQA'. (OPT-170)
Information: Changed wire load model for 'DW01_add_width16' from '(none)' to 'ForQA'. (OPT-170)
Information: Changed wire load model for '*ADD_TC_OP_16_12_16' from '(none)' to 'ForQA'. (OPT-170)
Information: Changed wire load model for 'DW01_add_width16' from '(none)' to 'ForQA'. (OPT-170)
Information: Changed wire load model for '*ADD_TC_OP_16_12_16' from '(none)' to 'ForQA'. (OPT-170)
Information: Changed wire load model for 'DW01_add_width16' from '(none)' to 'ForQA'. (OPT-170)
Information: Changed wire load model for '*ADD_TC_OP_15_12_16' from '(none)' to 'ForQA'. (OPT-170)
Information: Changed wire load model for 'DW01_add_width15' from '(none)' to 'ForQA'. (OPT-170)
Information: Changed wire load model for '*ADD_TC_OP_14_12_15' from '(none)' to 'ForQA'. (OPT-170)
Information: Changed wire load model for 'DW01_add_width14' from '(none)' to 'ForQA'. (OPT-170)
Information: Changed wire load model for '*ADD_TC_OP_13_12_14' from '(none)' to 'ForQA'. (OPT-170)
Information: Changed wire load model for 'DW01_add_width13' from '(none)' to 'ForQA'. (OPT-170)
Information: Changed wire load model for '*ADD_TC_OP_12_12_13' from '(none)' to 'ForQA'. (OPT-170)
Information: Changed wire load model for 'DW02_mult' from '(none)' to 'ForQA'. (OPT-170)
Information: Changed wire load model for '*MULT_TC_OP_8_4_12' from '(none)' to 'ForQA'. (OPT-170)
Information: Changed wire load model for 'DW02_mult' from '(none)' to 'ForQA'. (OPT-170)
Information: Changed wire load model for '*MULT_TC_OP_8_4_12' from '(none)' to 'ForQA'. (OPT-170)
Information: Changed wire load model for 'DW02_mult' from '(none)' to 'ForQA'. (OPT-170)
Information: Changed wire load model for '*MULT_TC_OP_8_4_12' from '(none)' to 'ForQA'. (OPT-170)
Information: Changed wire load model for 'DW02_mult' from '(none)' to 'ForQA'. (OPT-170)
Information: Changed wire load model for '*MULT_TC_OP_8_4_12' from '(none)' to 'ForQA'. (OPT-170)
Information: Changed wire load model for 'DW02_mult' from '(none)' to 'ForQA'. (OPT-170)
Information: Changed wire load model for '*MULT_TC_OP_8_4_12' from '(none)' to 'ForQA'. (OPT-170)
Information: Changed wire load model for 'DW02_mult' from '(none)' to 'ForQA'. (OPT-170)
Information: Changed wire load model for '*MULT_TC_OP_8_4_12' from '(none)' to 'ForQA'. (OPT-170)
Information: Changed wire load model for 'DW02_mult' from '(none)' to 'ForQA'. (OPT-170)
Information: Changed wire load model for '*MULT_TC_OP_8_4_12' from '(none)' to 'ForQA'. (OPT-170)
Information: Changed wire load model for 'DW02_mult' from '(none)' to 'ForQA'. (OPT-170)
Information: Changed wire load model for '*MULT_TC_OP_8_4_12' from '(none)' to 'ForQA'. (OPT-170)
Information: Changed wire load model for 'DW02_mult' from '(none)' to 'ForQA'. (OPT-170)
Information: Changed wire load model for '*MULT_TC_OP_8_4_12' from '(none)' to 'ForQA'. (OPT-170)
Information: Changed wire load model for 'DW01_add_width16' from '(none)' to 'ForQA'. (OPT-170)
Information: Changed wire load model for '*ADD_TC_OP_16_12_16' from '(none)' to 'ForQA'. (OPT-170)
Information: Changed wire load model for 'DW01_add_width16' from '(none)' to 'ForQA'. (OPT-170)
Information: Changed wire load model for '*ADD_TC_OP_16_12_16' from '(none)' to 'ForQA'. (OPT-170)
Information: Changed wire load model for 'DW01_add_width16' from '(none)' to 'ForQA'. (OPT-170)
Information: Changed wire load model for '*ADD_TC_OP_16_12_16' from '(none)' to 'ForQA'. (OPT-170)
Information: Changed wire load model for 'DW01_add_width16' from '(none)' to 'ForQA'. (OPT-170)
Information: Changed wire load model for '*ADD_TC_OP_16_12_16' from '(none)' to 'ForQA'. (OPT-170)
Information: Changed wire load model for 'DW01_add_width16' from '(none)' to 'ForQA'. (OPT-170)
Information: Changed wire load model for '*ADD_TC_OP_15_12_16' from '(none)' to 'ForQA'. (OPT-170)
Information: Changed wire load model for 'DW01_add_width15' from '(none)' to 'ForQA'. (OPT-170)
Information: Changed wire load model for '*ADD_TC_OP_14_12_15' from '(none)' to 'ForQA'. (OPT-170)
Information: Changed wire load model for 'DW01_add_width14' from '(none)' to 'ForQA'. (OPT-170)
Information: Changed wire load model for '*ADD_TC_OP_13_12_14' from '(none)' to 'ForQA'. (OPT-170)
Information: Changed wire load model for 'DW01_add_width13' from '(none)' to 'ForQA'. (OPT-170)
Information: Changed wire load model for '*ADD_TC_OP_12_12_13' from '(none)' to 'ForQA'. (OPT-170)
Information: Changed wire load model for 'DW02_mult' from '(none)' to 'ForQA'. (OPT-170)
Information: Changed wire load model for '*MULT_TC_OP_8_4_12' from '(none)' to 'ForQA'. (OPT-170)
Information: Changed wire load model for 'DW02_mult' from '(none)' to 'ForQA'. (OPT-170)
Information: Changed wire load model for '*MULT_TC_OP_8_4_12' from '(none)' to 'ForQA'. (OPT-170)
Information: Changed wire load model for 'DW02_mult' from '(none)' to 'ForQA'. (OPT-170)
Information: Changed wire load model for '*MULT_TC_OP_8_4_12' from '(none)' to 'ForQA'. (OPT-170)
Information: Changed wire load model for 'DW02_mult' from '(none)' to 'ForQA'. (OPT-170)
Information: Changed wire load model for '*MULT_TC_OP_8_4_12' from '(none)' to 'ForQA'. (OPT-170)
Information: Changed wire load model for 'DW02_mult' from '(none)' to 'ForQA'. (OPT-170)
Information: Changed wire load model for '*MULT_TC_OP_8_4_12' from '(none)' to 'ForQA'. (OPT-170)
Information: Changed wire load model for 'DW02_mult' from '(none)' to 'ForQA'. (OPT-170)
Information: Changed wire load model for '*MULT_TC_OP_8_4_12' from '(none)' to 'ForQA'. (OPT-170)
Information: Changed wire load model for 'DW02_mult' from '(none)' to 'ForQA'. (OPT-170)
Information: Changed wire load model for '*MULT_TC_OP_8_4_12' from '(none)' to 'ForQA'. (OPT-170)
Information: Changed wire load model for 'DW02_mult' from '(none)' to 'ForQA'. (OPT-170)
Information: Changed wire load model for '*MULT_TC_OP_8_4_12' from '(none)' to 'ForQA'. (OPT-170)
Information: Changed wire load model for 'DW02_mult' from '(none)' to 'ForQA'. (OPT-170)
Information: Changed wire load model for '*MULT_TC_OP_8_4_12' from '(none)' to 'ForQA'. (OPT-170)
Information: Changed wire load model for 'DW01_add_width16' from '(none)' to 'ForQA'. (OPT-170)
Information: Changed wire load model for '*ADD_TC_OP_16_12_16' from '(none)' to 'ForQA'. (OPT-170)
Information: Changed wire load model for 'DW01_add_width16' from '(none)' to 'ForQA'. (OPT-170)
Information: Changed wire load model for '*ADD_TC_OP_16_12_16' from '(none)' to 'ForQA'. (OPT-170)
Information: Changed wire load model for 'DW01_add_width16' from '(none)' to 'ForQA'. (OPT-170)
Information: Changed wire load model for '*ADD_TC_OP_16_12_16' from '(none)' to 'ForQA'. (OPT-170)
Information: Changed wire load model for 'DW01_add_width16' from '(none)' to 'ForQA'. (OPT-170)
Information: Changed wire load model for '*ADD_TC_OP_16_12_16' from '(none)' to 'ForQA'. (OPT-170)
Information: Changed wire load model for 'DW01_add_width16' from '(none)' to 'ForQA'. (OPT-170)
Information: Changed wire load model for '*ADD_TC_OP_15_12_16' from '(none)' to 'ForQA'. (OPT-170)
Information: Changed wire load model for 'DW01_add_width15' from '(none)' to 'ForQA'. (OPT-170)
Information: Changed wire load model for '*ADD_TC_OP_14_12_15' from '(none)' to 'ForQA'. (OPT-170)
Information: Changed wire load model for 'DW01_add_width14' from '(none)' to 'ForQA'. (OPT-170)
Information: Changed wire load model for '*ADD_TC_OP_13_12_14' from '(none)' to 'ForQA'. (OPT-170)
Information: Changed wire load model for 'DW01_add_width13' from '(none)' to 'ForQA'. (OPT-170)
Information: Changed wire load model for '*ADD_TC_OP_12_12_13' from '(none)' to 'ForQA'. (OPT-170)
Information: Changed wire load model for 'DW02_mult' from '(none)' to 'ForQA'. (OPT-170)
Information: Changed wire load model for '*MULT_TC_OP_8_4_12' from '(none)' to 'ForQA'. (OPT-170)
Information: Changed wire load model for 'DW02_mult' from '(none)' to 'ForQA'. (OPT-170)
Information: Changed wire load model for '*MULT_TC_OP_8_4_12' from '(none)' to 'ForQA'. (OPT-170)
Information: Changed wire load model for 'DW02_mult' from '(none)' to 'ForQA'. (OPT-170)
Information: Changed wire load model for '*MULT_TC_OP_8_4_12' from '(none)' to 'ForQA'. (OPT-170)
Information: Changed wire load model for 'DW02_mult' from '(none)' to 'ForQA'. (OPT-170)
Information: Changed wire load model for '*MULT_TC_OP_8_4_12' from '(none)' to 'ForQA'. (OPT-170)
Information: Changed wire load model for 'DW02_mult' from '(none)' to 'ForQA'. (OPT-170)
Information: Changed wire load model for '*MULT_TC_OP_8_4_12' from '(none)' to 'ForQA'. (OPT-170)
Information: Changed wire load model for 'DW02_mult' from '(none)' to 'ForQA'. (OPT-170)
Information: Changed wire load model for '*MULT_TC_OP_8_4_12' from '(none)' to 'ForQA'. (OPT-170)
Information: Changed wire load model for 'DW02_mult' from '(none)' to 'ForQA'. (OPT-170)
Information: Changed wire load model for '*MULT_TC_OP_8_4_12' from '(none)' to 'ForQA'. (OPT-170)
Information: Changed wire load model for 'DW02_mult' from '(none)' to 'ForQA'. (OPT-170)
Information: Changed wire load model for '*MULT_TC_OP_8_4_12' from '(none)' to 'ForQA'. (OPT-170)
Information: Changed wire load model for 'DW02_mult' from '(none)' to 'ForQA'. (OPT-170)
Information: Changed wire load model for '*MULT_TC_OP_8_4_12' from '(none)' to 'ForQA'. (OPT-170)
Information: Changed wire load model for 'DW01_add_width16' from '(none)' to 'ForQA'. (OPT-170)
Information: Changed wire load model for '*ADD_TC_OP_16_12_16' from '(none)' to 'ForQA'. (OPT-170)
Information: Changed wire load model for 'DW01_add_width16' from '(none)' to 'ForQA'. (OPT-170)
Information: Changed wire load model for '*ADD_TC_OP_16_12_16' from '(none)' to 'ForQA'. (OPT-170)
Information: Changed wire load model for 'DW01_add_width16' from '(none)' to 'ForQA'. (OPT-170)
Information: Changed wire load model for '*ADD_TC_OP_16_12_16' from '(none)' to 'ForQA'. (OPT-170)
Information: Changed wire load model for 'DW01_add_width16' from '(none)' to 'ForQA'. (OPT-170)
Information: Changed wire load model for '*ADD_TC_OP_16_12_16' from '(none)' to 'ForQA'. (OPT-170)
Information: Changed wire load model for 'DW01_add_width16' from '(none)' to 'ForQA'. (OPT-170)
Information: Changed wire load model for '*ADD_TC_OP_15_12_16' from '(none)' to 'ForQA'. (OPT-170)
Information: Changed wire load model for 'DW01_add_width15' from '(none)' to 'ForQA'. (OPT-170)
Information: Changed wire load model for '*ADD_TC_OP_14_12_15' from '(none)' to 'ForQA'. (OPT-170)
Information: Changed wire load model for 'DW01_add_width14' from '(none)' to 'ForQA'. (OPT-170)
Information: Changed wire load model for '*ADD_TC_OP_13_12_14' from '(none)' to 'ForQA'. (OPT-170)
Information: Changed wire load model for 'DW01_add_width13' from '(none)' to 'ForQA'. (OPT-170)
Information: Changed wire load model for '*ADD_TC_OP_12_12_13' from '(none)' to 'ForQA'. (OPT-170)
Information: Changed wire load model for 'DW02_mult' from '(none)' to 'ForQA'. (OPT-170)
Information: Changed wire load model for '*MULT_TC_OP_8_4_12' from '(none)' to 'ForQA'. (OPT-170)
Information: Changed wire load model for 'DW02_mult' from '(none)' to 'ForQA'. (OPT-170)
Information: Changed wire load model for '*MULT_TC_OP_8_4_12' from '(none)' to 'ForQA'. (OPT-170)
Information: Changed wire load model for 'DW02_mult' from '(none)' to 'ForQA'. (OPT-170)
Information: Changed wire load model for '*MULT_TC_OP_8_4_12' from '(none)' to 'ForQA'. (OPT-170)
Information: Changed wire load model for 'DW02_mult' from '(none)' to 'ForQA'. (OPT-170)
Information: Changed wire load model for '*MULT_TC_OP_8_4_12' from '(none)' to 'ForQA'. (OPT-170)
Information: Changed wire load model for 'DW02_mult' from '(none)' to 'ForQA'. (OPT-170)
Information: Changed wire load model for '*MULT_TC_OP_8_4_12' from '(none)' to 'ForQA'. (OPT-170)
Information: Changed wire load model for 'DW02_mult' from '(none)' to 'ForQA'. (OPT-170)
Information: Changed wire load model for '*MULT_TC_OP_8_4_12' from '(none)' to 'ForQA'. (OPT-170)
Information: Changed wire load model for 'DW02_mult' from '(none)' to 'ForQA'. (OPT-170)
Information: Changed wire load model for '*MULT_TC_OP_8_4_12' from '(none)' to 'ForQA'. (OPT-170)
Information: Changed wire load model for 'DW02_mult' from '(none)' to 'ForQA'. (OPT-170)
Information: Changed wire load model for '*MULT_TC_OP_8_4_12' from '(none)' to 'ForQA'. (OPT-170)
Information: Changed wire load model for 'DW02_mult' from '(none)' to 'ForQA'. (OPT-170)
Information: Changed wire load model for '*MULT_TC_OP_8_4_12' from '(none)' to 'ForQA'. (OPT-170)
Information: Changed wire load model for 'DW01_add_width16' from '(none)' to 'ForQA'. (OPT-170)
Information: Changed wire load model for '*ADD_TC_OP_16_12_16' from '(none)' to 'ForQA'. (OPT-170)
Information: Changed wire load model for 'DW01_add_width16' from '(none)' to 'ForQA'. (OPT-170)
Information: Changed wire load model for '*ADD_TC_OP_16_12_16' from '(none)' to 'ForQA'. (OPT-170)
Information: Changed wire load model for 'DW01_add_width16' from '(none)' to 'ForQA'. (OPT-170)
Information: Changed wire load model for '*ADD_TC_OP_16_12_16' from '(none)' to 'ForQA'. (OPT-170)
Information: Changed wire load model for 'DW01_add_width16' from '(none)' to 'ForQA'. (OPT-170)
Information: Changed wire load model for '*ADD_TC_OP_16_12_16' from '(none)' to 'ForQA'. (OPT-170)
Information: Changed wire load model for 'DW01_add_width16' from '(none)' to 'ForQA'. (OPT-170)
Information: Changed wire load model for '*ADD_TC_OP_15_12_16' from '(none)' to 'ForQA'. (OPT-170)
Information: Changed wire load model for 'DW01_add_width15' from '(none)' to 'ForQA'. (OPT-170)
Information: Changed wire load model for '*ADD_TC_OP_14_12_15' from '(none)' to 'ForQA'. (OPT-170)
Information: Changed wire load model for 'DW01_add_width14' from '(none)' to 'ForQA'. (OPT-170)
Information: Changed wire load model for '*ADD_TC_OP_13_12_14' from '(none)' to 'ForQA'. (OPT-170)
Information: Changed wire load model for 'DW01_add_width13' from '(none)' to 'ForQA'. (OPT-170)
Information: Changed wire load model for '*ADD_TC_OP_12_12_13' from '(none)' to 'ForQA'. (OPT-170)
Information: Changed wire load model for 'DW02_mult' from '(none)' to 'ForQA'. (OPT-170)
Information: Changed wire load model for '*MULT_TC_OP_8_4_12' from '(none)' to 'ForQA'. (OPT-170)
Information: Changed wire load model for 'DW02_mult' from '(none)' to 'ForQA'. (OPT-170)
Information: Changed wire load model for '*MULT_TC_OP_8_4_12' from '(none)' to 'ForQA'. (OPT-170)
Information: Changed wire load model for 'DW02_mult' from '(none)' to 'ForQA'. (OPT-170)
Information: Changed wire load model for '*MULT_TC_OP_8_4_12' from '(none)' to 'ForQA'. (OPT-170)
Information: Changed wire load model for 'DW02_mult' from '(none)' to 'ForQA'. (OPT-170)
Information: Changed wire load model for '*MULT_TC_OP_8_4_12' from '(none)' to 'ForQA'. (OPT-170)
Information: Changed wire load model for 'DW02_mult' from '(none)' to 'ForQA'. (OPT-170)
Information: Changed wire load model for '*MULT_TC_OP_8_4_12' from '(none)' to 'ForQA'. (OPT-170)
Information: Changed wire load model for 'DW02_mult' from '(none)' to 'ForQA'. (OPT-170)
Information: Changed wire load model for '*MULT_TC_OP_8_4_12' from '(none)' to 'ForQA'. (OPT-170)
Information: Changed wire load model for 'DW02_mult' from '(none)' to 'ForQA'. (OPT-170)
Information: Changed wire load model for '*MULT_TC_OP_8_4_12' from '(none)' to 'ForQA'. (OPT-170)
Information: Changed wire load model for 'DW02_mult' from '(none)' to 'ForQA'. (OPT-170)
Information: Changed wire load model for '*MULT_TC_OP_8_4_12' from '(none)' to 'ForQA'. (OPT-170)
Information: Changed wire load model for 'DW02_mult' from '(none)' to 'ForQA'. (OPT-170)
Information: Changed wire load model for '*MULT_TC_OP_8_4_12' from '(none)' to 'ForQA'. (OPT-170)
Information: Changed wire load model for 'DW01_add_width16' from '(none)' to 'ForQA'. (OPT-170)
Information: Changed wire load model for '*ADD_TC_OP_16_12_16' from '(none)' to 'ForQA'. (OPT-170)
Information: Changed wire load model for 'DW01_add_width16' from '(none)' to 'ForQA'. (OPT-170)
Information: Changed wire load model for '*ADD_TC_OP_16_12_16' from '(none)' to 'ForQA'. (OPT-170)
Information: Changed wire load model for 'DW01_add_width16' from '(none)' to 'ForQA'. (OPT-170)
Information: Changed wire load model for '*ADD_TC_OP_16_12_16' from '(none)' to 'ForQA'. (OPT-170)
Information: Changed wire load model for 'DW01_add_width16' from '(none)' to 'ForQA'. (OPT-170)
Information: Changed wire load model for '*ADD_TC_OP_16_12_16' from '(none)' to 'ForQA'. (OPT-170)
Information: Changed wire load model for 'DW01_add_width16' from '(none)' to 'ForQA'. (OPT-170)
Information: Changed wire load model for '*ADD_TC_OP_15_12_16' from '(none)' to 'ForQA'. (OPT-170)
Information: Changed wire load model for 'DW01_add_width15' from '(none)' to 'ForQA'. (OPT-170)
Information: Changed wire load model for '*ADD_TC_OP_14_12_15' from '(none)' to 'ForQA'. (OPT-170)
Information: Changed wire load model for 'DW01_add_width14' from '(none)' to 'ForQA'. (OPT-170)
Information: Changed wire load model for '*ADD_TC_OP_13_12_14' from '(none)' to 'ForQA'. (OPT-170)
Information: Changed wire load model for 'DW01_add_width13' from '(none)' to 'ForQA'. (OPT-170)
Information: Changed wire load model for '*ADD_TC_OP_12_12_13' from '(none)' to 'ForQA'. (OPT-170)
Information: Changed wire load model for 'DW02_mult' from '(none)' to 'ForQA'. (OPT-170)
Information: Changed wire load model for '*MULT_TC_OP_8_4_12' from '(none)' to 'ForQA'. (OPT-170)
Information: Changed wire load model for 'DW02_mult' from '(none)' to 'ForQA'. (OPT-170)
Information: Changed wire load model for '*MULT_TC_OP_8_4_12' from '(none)' to 'ForQA'. (OPT-170)
Information: Changed wire load model for 'DW02_mult' from '(none)' to 'ForQA'. (OPT-170)
Information: Changed wire load model for '*MULT_TC_OP_8_4_12' from '(none)' to 'ForQA'. (OPT-170)
Information: Changed wire load model for 'DW02_mult' from '(none)' to 'ForQA'. (OPT-170)
Information: Changed wire load model for '*MULT_TC_OP_8_4_12' from '(none)' to 'ForQA'. (OPT-170)
Information: Changed wire load model for 'DW02_mult' from '(none)' to 'ForQA'. (OPT-170)
Information: Changed wire load model for '*MULT_TC_OP_8_4_12' from '(none)' to 'ForQA'. (OPT-170)
Information: Changed wire load model for 'DW02_mult' from '(none)' to 'ForQA'. (OPT-170)
Information: Changed wire load model for '*MULT_TC_OP_8_4_12' from '(none)' to 'ForQA'. (OPT-170)
Information: Changed wire load model for 'DW02_mult' from '(none)' to 'ForQA'. (OPT-170)
Information: Changed wire load model for '*MULT_TC_OP_8_4_12' from '(none)' to 'ForQA'. (OPT-170)
Information: Changed wire load model for 'DW02_mult' from '(none)' to 'ForQA'. (OPT-170)
Information: Changed wire load model for '*MULT_TC_OP_8_4_12' from '(none)' to 'ForQA'. (OPT-170)
Information: Changed wire load model for 'DW02_mult' from '(none)' to 'ForQA'. (OPT-170)
Information: Changed wire load model for '*MULT_TC_OP_8_4_12' from '(none)' to 'ForQA'. (OPT-170)
Information: Changed wire load model for 'DW01_add_width16' from '(none)' to 'ForQA'. (OPT-170)
Information: Changed wire load model for '*ADD_TC_OP_16_12_16' from '(none)' to 'ForQA'. (OPT-170)
Information: Changed wire load model for 'DW01_add_width16' from '(none)' to 'ForQA'. (OPT-170)
Information: Changed wire load model for '*ADD_TC_OP_16_12_16' from '(none)' to 'ForQA'. (OPT-170)
Information: Changed wire load model for 'DW01_add_width16' from '(none)' to 'ForQA'. (OPT-170)
Information: Changed wire load model for '*ADD_TC_OP_16_12_16' from '(none)' to 'ForQA'. (OPT-170)
Information: Changed wire load model for 'DW01_add_width16' from '(none)' to 'ForQA'. (OPT-170)
Information: Changed wire load model for '*ADD_TC_OP_16_12_16' from '(none)' to 'ForQA'. (OPT-170)
Information: Changed wire load model for 'DW01_add_width16' from '(none)' to 'ForQA'. (OPT-170)
Information: Changed wire load model for '*ADD_TC_OP_15_12_16' from '(none)' to 'ForQA'. (OPT-170)
Information: Changed wire load model for 'DW01_add_width15' from '(none)' to 'ForQA'. (OPT-170)
Information: Changed wire load model for '*ADD_TC_OP_14_12_15' from '(none)' to 'ForQA'. (OPT-170)
Information: Changed wire load model for 'DW01_add_width14' from '(none)' to 'ForQA'. (OPT-170)
Information: Changed wire load model for '*ADD_TC_OP_13_12_14' from '(none)' to 'ForQA'. (OPT-170)
Information: Changed wire load model for 'DW01_add_width13' from '(none)' to 'ForQA'. (OPT-170)
Information: Changed wire load model for '*ADD_TC_OP_12_12_13' from '(none)' to 'ForQA'. (OPT-170)
Information: Changed wire load model for 'DW02_mult' from '(none)' to 'ForQA'. (OPT-170)
Information: Changed wire load model for '*MULT_TC_OP_8_4_12' from '(none)' to 'ForQA'. (OPT-170)
Information: Changed wire load model for 'DW02_mult' from '(none)' to 'ForQA'. (OPT-170)
Information: Changed wire load model for '*MULT_TC_OP_8_4_12' from '(none)' to 'ForQA'. (OPT-170)
Information: Changed wire load model for 'DW02_mult' from '(none)' to 'ForQA'. (OPT-170)
Information: Changed wire load model for '*MULT_TC_OP_8_4_12' from '(none)' to 'ForQA'. (OPT-170)
Information: Changed wire load model for 'DW02_mult' from '(none)' to 'ForQA'. (OPT-170)
Information: Changed wire load model for '*MULT_TC_OP_8_4_12' from '(none)' to 'ForQA'. (OPT-170)
Information: Changed wire load model for 'DW02_mult' from '(none)' to 'ForQA'. (OPT-170)
Information: Changed wire load model for '*MULT_TC_OP_8_4_12' from '(none)' to 'ForQA'. (OPT-170)
Information: Changed wire load model for 'DW02_mult' from '(none)' to 'ForQA'. (OPT-170)
Information: Changed wire load model for '*MULT_TC_OP_8_4_12' from '(none)' to 'ForQA'. (OPT-170)
Information: Changed wire load model for 'DW02_mult' from '(none)' to 'ForQA'. (OPT-170)
Information: Changed wire load model for '*MULT_TC_OP_8_4_12' from '(none)' to 'ForQA'. (OPT-170)
Information: Changed wire load model for 'DW02_mult' from '(none)' to 'ForQA'. (OPT-170)
Information: Changed wire load model for '*MULT_TC_OP_8_4_12' from '(none)' to 'ForQA'. (OPT-170)
Information: Changed wire load model for 'DW02_mult' from '(none)' to 'ForQA'. (OPT-170)
Information: Changed wire load model for '*MULT_TC_OP_8_4_12' from '(none)' to 'ForQA'. (OPT-170)
Information: Changed wire load model for 'DW01_add_width16' from '(none)' to 'ForQA'. (OPT-170)
Information: Changed wire load model for '*ADD_TC_OP_16_12_16' from '(none)' to 'ForQA'. (OPT-170)
Information: Changed wire load model for 'DW01_add_width16' from '(none)' to 'ForQA'. (OPT-170)
Information: Changed wire load model for '*ADD_TC_OP_16_12_16' from '(none)' to 'ForQA'. (OPT-170)
Information: Changed wire load model for 'DW01_add_width16' from '(none)' to 'ForQA'. (OPT-170)
Information: Changed wire load model for '*ADD_TC_OP_16_12_16' from '(none)' to 'ForQA'. (OPT-170)
Information: Changed wire load model for 'DW01_add_width16' from '(none)' to 'ForQA'. (OPT-170)
Information: Changed wire load model for '*ADD_TC_OP_16_12_16' from '(none)' to 'ForQA'. (OPT-170)
Information: Changed wire load model for 'DW01_add_width16' from '(none)' to 'ForQA'. (OPT-170)
Information: Changed wire load model for '*ADD_TC_OP_15_12_16' from '(none)' to 'ForQA'. (OPT-170)
Information: Changed wire load model for 'DW01_add_width15' from '(none)' to 'ForQA'. (OPT-170)
Information: Changed wire load model for '*ADD_TC_OP_14_12_15' from '(none)' to 'ForQA'. (OPT-170)
Information: Changed wire load model for 'DW01_add_width14' from '(none)' to 'ForQA'. (OPT-170)
Information: Changed wire load model for '*ADD_TC_OP_13_12_14' from '(none)' to 'ForQA'. (OPT-170)
Information: Changed wire load model for 'DW01_add_width13' from '(none)' to 'ForQA'. (OPT-170)
Information: Changed wire load model for '*ADD_TC_OP_12_12_13' from '(none)' to 'ForQA'. (OPT-170)
Information: Changed wire load model for 'DW02_mult' from '(none)' to 'ForQA'. (OPT-170)
Information: Changed wire load model for '*MULT_TC_OP_8_4_12' from '(none)' to 'ForQA'. (OPT-170)
Information: Changed wire load model for 'DW02_mult' from '(none)' to 'ForQA'. (OPT-170)
Information: Changed wire load model for '*MULT_TC_OP_8_4_12' from '(none)' to 'ForQA'. (OPT-170)
Information: Changed wire load model for 'DW02_mult' from '(none)' to 'ForQA'. (OPT-170)
Information: Changed wire load model for '*MULT_TC_OP_8_4_12' from '(none)' to 'ForQA'. (OPT-170)
Information: Changed wire load model for 'DW02_mult' from '(none)' to 'ForQA'. (OPT-170)
Information: Changed wire load model for '*MULT_TC_OP_8_4_12' from '(none)' to 'ForQA'. (OPT-170)
Information: Changed wire load model for 'DW02_mult' from '(none)' to 'ForQA'. (OPT-170)
Information: Changed wire load model for '*MULT_TC_OP_8_4_12' from '(none)' to 'ForQA'. (OPT-170)
Information: Changed wire load model for 'DW02_mult' from '(none)' to 'ForQA'. (OPT-170)
Information: Changed wire load model for '*MULT_TC_OP_8_4_12' from '(none)' to 'ForQA'. (OPT-170)
Information: Changed wire load model for 'DW02_mult' from '(none)' to 'ForQA'. (OPT-170)
Information: Changed wire load model for '*MULT_TC_OP_8_4_12' from '(none)' to 'ForQA'. (OPT-170)
Information: Changed wire load model for 'DW02_mult' from '(none)' to 'ForQA'. (OPT-170)
Information: Changed wire load model for '*MULT_TC_OP_8_4_12' from '(none)' to 'ForQA'. (OPT-170)
Information: Changed wire load model for 'DW02_mult' from '(none)' to 'ForQA'. (OPT-170)
Information: Changed wire load model for '*MULT_TC_OP_8_4_12' from '(none)' to 'ForQA'. (OPT-170)
Information: Changed wire load model for 'DW01_add_width16' from '(none)' to 'ForQA'. (OPT-170)
Information: Changed wire load model for '*ADD_TC_OP_16_12_16' from '(none)' to 'ForQA'. (OPT-170)
Information: Changed wire load model for 'DW01_add_width16' from '(none)' to 'ForQA'. (OPT-170)
Information: Changed wire load model for '*ADD_TC_OP_16_12_16' from '(none)' to 'ForQA'. (OPT-170)
Information: Changed wire load model for 'DW01_add_width16' from '(none)' to 'ForQA'. (OPT-170)
Information: Changed wire load model for '*ADD_TC_OP_16_12_16' from '(none)' to 'ForQA'. (OPT-170)
Information: Changed wire load model for 'DW01_add_width16' from '(none)' to 'ForQA'. (OPT-170)
Information: Changed wire load model for '*ADD_TC_OP_16_12_16' from '(none)' to 'ForQA'. (OPT-170)
Information: Changed wire load model for 'DW01_add_width16' from '(none)' to 'ForQA'. (OPT-170)
Information: Changed wire load model for '*ADD_TC_OP_15_12_16' from '(none)' to 'ForQA'. (OPT-170)
Information: Changed wire load model for 'DW01_add_width15' from '(none)' to 'ForQA'. (OPT-170)
Information: Changed wire load model for '*ADD_TC_OP_14_12_15' from '(none)' to 'ForQA'. (OPT-170)
Information: Changed wire load model for 'DW01_add_width14' from '(none)' to 'ForQA'. (OPT-170)
Information: Changed wire load model for '*ADD_TC_OP_13_12_14' from '(none)' to 'ForQA'. (OPT-170)
Information: Changed wire load model for 'DW01_add_width13' from '(none)' to 'ForQA'. (OPT-170)
Information: Changed wire load model for '*ADD_TC_OP_12_12_13' from '(none)' to 'ForQA'. (OPT-170)
Information: Changed wire load model for 'DW02_mult' from '(none)' to 'ForQA'. (OPT-170)
Information: Changed wire load model for '*MULT_TC_OP_8_4_12' from '(none)' to 'ForQA'. (OPT-170)
Information: Changed wire load model for 'DW02_mult' from '(none)' to 'ForQA'. (OPT-170)
Information: Changed wire load model for '*MULT_TC_OP_8_4_12' from '(none)' to 'ForQA'. (OPT-170)
Information: Changed wire load model for 'DW02_mult' from '(none)' to 'ForQA'. (OPT-170)
Information: Changed wire load model for '*MULT_TC_OP_8_4_12' from '(none)' to 'ForQA'. (OPT-170)
Information: Changed wire load model for 'DW02_mult' from '(none)' to 'ForQA'. (OPT-170)
Information: Changed wire load model for '*MULT_TC_OP_8_4_12' from '(none)' to 'ForQA'. (OPT-170)
Information: Changed wire load model for 'DW02_mult' from '(none)' to 'ForQA'. (OPT-170)
Information: Changed wire load model for '*MULT_TC_OP_8_4_12' from '(none)' to 'ForQA'. (OPT-170)
Information: Changed wire load model for 'DW02_mult' from '(none)' to 'ForQA'. (OPT-170)
Information: Changed wire load model for '*MULT_TC_OP_8_4_12' from '(none)' to 'ForQA'. (OPT-170)
Information: Changed wire load model for 'DW02_mult' from '(none)' to 'ForQA'. (OPT-170)
Information: Changed wire load model for '*MULT_TC_OP_8_4_12' from '(none)' to 'ForQA'. (OPT-170)
Information: Changed wire load model for 'DW02_mult' from '(none)' to 'ForQA'. (OPT-170)
Information: Changed wire load model for '*MULT_TC_OP_8_4_12' from '(none)' to 'ForQA'. (OPT-170)
Information: Changed wire load model for 'DW02_mult' from '(none)' to 'ForQA'. (OPT-170)
Information: Changed wire load model for '*MULT_TC_OP_8_4_12' from '(none)' to 'ForQA'. (OPT-170)
Information: Changed wire load model for 'DW01_add_width16' from '(none)' to 'ForQA'. (OPT-170)
Information: Changed wire load model for '*ADD_TC_OP_16_12_16' from '(none)' to 'ForQA'. (OPT-170)
Information: Changed wire load model for 'DW01_add_width16' from '(none)' to 'ForQA'. (OPT-170)
Information: Changed wire load model for '*ADD_TC_OP_16_12_16' from '(none)' to 'ForQA'. (OPT-170)
Information: Changed wire load model for 'DW01_add_width16' from '(none)' to 'ForQA'. (OPT-170)
Information: Changed wire load model for '*ADD_TC_OP_16_12_16' from '(none)' to 'ForQA'. (OPT-170)
Information: Changed wire load model for 'DW01_add_width16' from '(none)' to 'ForQA'. (OPT-170)
Information: Changed wire load model for '*ADD_TC_OP_16_12_16' from '(none)' to 'ForQA'. (OPT-170)
Information: Changed wire load model for 'DW01_add_width16' from '(none)' to 'ForQA'. (OPT-170)
Information: Changed wire load model for '*ADD_TC_OP_15_12_16' from '(none)' to 'ForQA'. (OPT-170)
Information: Changed wire load model for 'DW01_add_width15' from '(none)' to 'ForQA'. (OPT-170)
Information: Changed wire load model for '*ADD_TC_OP_14_12_15' from '(none)' to 'ForQA'. (OPT-170)
Information: Changed wire load model for 'DW01_add_width14' from '(none)' to 'ForQA'. (OPT-170)
Information: Changed wire load model for '*ADD_TC_OP_13_12_14' from '(none)' to 'ForQA'. (OPT-170)
Information: Changed wire load model for 'DW01_add_width13' from '(none)' to 'ForQA'. (OPT-170)
Information: Changed wire load model for '*ADD_TC_OP_12_12_13' from '(none)' to 'ForQA'. (OPT-170)
Information: Changed wire load model for 'DW02_mult' from '(none)' to 'ForQA'. (OPT-170)
Information: Changed wire load model for '*MULT_TC_OP_8_4_12' from '(none)' to 'ForQA'. (OPT-170)
Information: Changed wire load model for 'DW02_mult' from '(none)' to 'ForQA'. (OPT-170)
Information: Changed wire load model for '*MULT_TC_OP_8_4_12' from '(none)' to 'ForQA'. (OPT-170)
Information: Changed wire load model for 'DW02_mult' from '(none)' to 'ForQA'. (OPT-170)
Information: Changed wire load model for '*MULT_TC_OP_8_4_12' from '(none)' to 'ForQA'. (OPT-170)
Information: Changed wire load model for 'DW02_mult' from '(none)' to 'ForQA'. (OPT-170)
Information: Changed wire load model for '*MULT_TC_OP_8_4_12' from '(none)' to 'ForQA'. (OPT-170)
Information: Changed wire load model for 'DW02_mult' from '(none)' to 'ForQA'. (OPT-170)
Information: Changed wire load model for '*MULT_TC_OP_8_4_12' from '(none)' to 'ForQA'. (OPT-170)
Information: Changed wire load model for 'DW02_mult' from '(none)' to 'ForQA'. (OPT-170)
Information: Changed wire load model for '*MULT_TC_OP_8_4_12' from '(none)' to 'ForQA'. (OPT-170)
Information: Changed wire load model for 'DW02_mult' from '(none)' to 'ForQA'. (OPT-170)
Information: Changed wire load model for '*MULT_TC_OP_8_4_12' from '(none)' to 'ForQA'. (OPT-170)
Information: Changed wire load model for 'DW02_mult' from '(none)' to 'ForQA'. (OPT-170)
Information: Changed wire load model for '*MULT_TC_OP_8_4_12' from '(none)' to 'ForQA'. (OPT-170)
Information: Changed wire load model for 'DW02_mult' from '(none)' to 'ForQA'. (OPT-170)
Information: Changed wire load model for '*MULT_TC_OP_8_4_12' from '(none)' to 'ForQA'. (OPT-170)
Information: Changed wire load model for 'DW01_cmp2_width6' from '(none)' to 'ForQA'. (OPT-170)
Information: Changed wire load model for '*LEQ_UNS_OP_6_3_1' from '(none)' to 'ForQA'. (OPT-170)
Information: Changed wire load model for 'DW01_cmp2_width9' from '(none)' to 'ForQA'. (OPT-170)
Information: Changed wire load model for '*GT_TC_OP_9_9_1' from '(none)' to 'ForQA'. (OPT-170)
Information: Changed wire load model for 'DW01_cmp2_width9' from '(none)' to 'ForQA'. (OPT-170)
Information: Changed wire load model for '*GT_TC_OP_9_9_1' from '(none)' to 'ForQA'. (OPT-170)
Information: Changed wire load model for 'DW01_cmp2_width16' from '(none)' to 'ForQA'. (OPT-170)
Information: Changed wire load model for '*LT_TC_OP_16_1_1' from '(none)' to 'ForQA'. (OPT-170)
Information: Changed wire load model for 'DW01_cmp2_width16' from '(none)' to 'ForQA'. (OPT-170)
Information: Changed wire load model for '*GEQ_TC_OP_16_8_1' from '(none)' to 'ForQA'. (OPT-170)
Information: Changed wire load model for 'DW01_cmp2_width16' from '(none)' to 'ForQA'. (OPT-170)
Information: Changed wire load model for '*LT_TC_OP_16_1_1' from '(none)' to 'ForQA'. (OPT-170)
Information: Changed wire load model for 'DW01_cmp2_width16' from '(none)' to 'ForQA'. (OPT-170)
Information: Changed wire load model for '*GEQ_TC_OP_16_8_1' from '(none)' to 'ForQA'. (OPT-170)
Information: Changed wire load model for 'DW01_cmp2_width16' from '(none)' to 'ForQA'. (OPT-170)
Information: Changed wire load model for '*LT_TC_OP_16_1_1' from '(none)' to 'ForQA'. (OPT-170)
Information: Changed wire load model for 'DW01_cmp2_width16' from '(none)' to 'ForQA'. (OPT-170)
Information: Changed wire load model for '*GEQ_TC_OP_16_8_1' from '(none)' to 'ForQA'. (OPT-170)
Information: Changed wire load model for 'DW01_cmp2_width16' from '(none)' to 'ForQA'. (OPT-170)
Information: Changed wire load model for '*LT_TC_OP_16_1_1' from '(none)' to 'ForQA'. (OPT-170)
Information: Changed wire load model for 'DW01_cmp2_width16' from '(none)' to 'ForQA'. (OPT-170)
Information: Changed wire load model for '*GEQ_TC_OP_16_8_1' from '(none)' to 'ForQA'. (OPT-170)
Information: Changed wire load model for 'DW01_add_width16' from '(none)' to 'ForQA'. (OPT-170)
Information: Changed wire load model for '*ADD_TC_OP_16_16_16' from '(none)' to 'ForQA'. (OPT-170)
Information: Changed wire load model for 'DW01_add_width16' from '(none)' to 'ForQA'. (OPT-170)
Information: Changed wire load model for '*ADD_TC_OP_16_16_16' from '(none)' to 'ForQA'. (OPT-170)
Information: Changed wire load model for 'DW01_add_width16' from '(none)' to 'ForQA'. (OPT-170)
Information: Changed wire load model for '*ADD_TC_OP_16_16_16' from '(none)' to 'ForQA'. (OPT-170)
Information: Changed wire load model for 'DW01_add_width16' from '(none)' to 'ForQA'. (OPT-170)
Information: Changed wire load model for '*ADD_TC_OP_16_16_16' from '(none)' to 'ForQA'. (OPT-170)
Information: Changed wire load model for 'DW01_add_width16' from '(none)' to 'ForQA'. (OPT-170)
Information: Changed wire load model for '*ADD_TC_OP_16_16_16' from '(none)' to 'ForQA'. (OPT-170)
Information: Changed wire load model for 'DW01_add_width16' from '(none)' to 'ForQA'. (OPT-170)
Information: Changed wire load model for '*ADD_TC_OP_16_16_16' from '(none)' to 'ForQA'. (OPT-170)
Information: Changed wire load model for 'DW01_add_width16' from '(none)' to 'ForQA'. (OPT-170)
Information: Changed wire load model for '*ADD_TC_OP_16_16_16' from '(none)' to 'ForQA'. (OPT-170)
Information: Changed wire load model for 'DW01_add_width16' from '(none)' to 'ForQA'. (OPT-170)
Information: Changed wire load model for '*ADD_TC_OP_16_16_16' from '(none)' to 'ForQA'. (OPT-170)
Information: Changed wire load model for 'DW01_add_width16' from '(none)' to 'ForQA'. (OPT-170)
Information: Changed wire load model for '*ADD_TC_OP_16_16_16' from '(none)' to 'ForQA'. (OPT-170)
Information: Changed wire load model for 'DW01_add_width16' from '(none)' to 'ForQA'. (OPT-170)
Information: Changed wire load model for '*ADD_TC_OP_16_16_16' from '(none)' to 'ForQA'. (OPT-170)
Information: Changed wire load model for 'DW01_add_width16' from '(none)' to 'ForQA'. (OPT-170)
Information: Changed wire load model for '*ADD_TC_OP_16_16_16' from '(none)' to 'ForQA'. (OPT-170)
Information: Changed wire load model for 'DW01_add_width16' from '(none)' to 'ForQA'. (OPT-170)
Information: Changed wire load model for '*ADD_TC_OP_16_16_16' from '(none)' to 'ForQA'. (OPT-170)
Information: Changed wire load model for 'DW01_cmp2_width8' from '(none)' to 'ForQA'. (OPT-170)
Information: Changed wire load model for '*GT_UNS_OP_8_8_1' from '(none)' to 'ForQA'. (OPT-170)
Information: Changed wire load model for 'DW01_inc_width6' from '(none)' to 'ForQA'. (OPT-170)
Information: Changed wire load model for '*ADD_UNS_OP_6_1_6' from '(none)' to 'ForQA'. (OPT-170)
Information: Changed wire load model for 'DW01_add_width7' from '(none)' to 'ForQA'. (OPT-170)
Information: Changed wire load model for '*ADD_UNS_OP_7_5_7' from '(none)' to 'ForQA'. (OPT-170)
Information: Changed wire load model for 'DW01_inc_width11' from '(none)' to 'ForQA'. (OPT-170)
Information: Changed wire load model for '*ADD_UNS_OP_11_1_11' from '(none)' to 'ForQA'. (OPT-170)
Information: Changed wire load model for 'DW01_inc_width6' from '(none)' to 'ForQA'. (OPT-170)
Information: Changed wire load model for '*ADD_UNS_OP_6_1_6' from '(none)' to 'ForQA'. (OPT-170)
Information: Changed wire load model for 'DW01_inc_width11' from '(none)' to 'ForQA'. (OPT-170)
Information: Changed wire load model for '*ADD_UNS_OP_11_1_11' from '(none)' to 'ForQA'. (OPT-170)
Information: Changed wire load model for 'DW01_add_width7' from '(none)' to 'ForQA'. (OPT-170)
Information: Changed wire load model for '*ADD_UNS_OP_7_3_7' from '(none)' to 'ForQA'. (OPT-170)
Information: Changed wire load model for 'DW01_inc_width11' from '(none)' to 'ForQA'. (OPT-170)
Information: Changed wire load model for '*ADD_UNS_OP_11_1_11' from '(none)' to 'ForQA'. (OPT-170)
Information: Changed wire load model for 'DW01_add_width6' from '(none)' to 'ForQA'. (OPT-170)
Information: Changed wire load model for '*ADD_UNS_OP_6_5_6' from '(none)' to 'ForQA'. (OPT-170)
Information: Changed wire load model for 'DW01_add_width6' from '(none)' to 'ForQA'. (OPT-170)
Information: Changed wire load model for '*ADD_UNS_OP_6_5_6' from '(none)' to 'ForQA'. (OPT-170)
Information: Changed wire load model for 'DW01_add_width6' from '(none)' to 'ForQA'. (OPT-170)
Information: Changed wire load model for '*ADD_UNS_OP_6_5_6' from '(none)' to 'ForQA'. (OPT-170)
Information: Changed wire load model for 'DW01_add_width6' from '(none)' to 'ForQA'. (OPT-170)
Information: Changed wire load model for '*ADD_UNS_OP_6_5_6' from '(none)' to 'ForQA'. (OPT-170)
Information: Changed wire load model for 'DW01_add_width6' from '(none)' to 'ForQA'. (OPT-170)
Information: Changed wire load model for '*ADD_UNS_OP_6_2_6' from '(none)' to 'ForQA'. (OPT-170)
Information: Changed wire load model for 'DW01_add_width6' from '(none)' to 'ForQA'. (OPT-170)
Information: Changed wire load model for '*ADD_UNS_OP_6_2_6' from '(none)' to 'ForQA'. (OPT-170)
Information: Changed wire load model for 'DW01_add_width6' from '(none)' to 'ForQA'. (OPT-170)
Information: Changed wire load model for '*ADD_UNS_OP_6_2_6' from '(none)' to 'ForQA'. (OPT-170)
Information: Changed wire load model for 'DW01_add_width6' from '(none)' to 'ForQA'. (OPT-170)
Information: Changed wire load model for '*ADD_UNS_OP_6_2_6' from '(none)' to 'ForQA'. (OPT-170)
Information: Changed wire load model for 'DW01_add_width6' from '(none)' to 'ForQA'. (OPT-170)
Information: Changed wire load model for '*ADD_UNS_OP_6_5_6' from '(none)' to 'ForQA'. (OPT-170)
Information: Changed wire load model for 'DW01_add_width6' from '(none)' to 'ForQA'. (OPT-170)
Information: Changed wire load model for '*ADD_UNS_OP_6_2_6' from '(none)' to 'ForQA'. (OPT-170)
Information: Changed wire load model for 'DW01_inc_width11' from '(none)' to 'ForQA'. (OPT-170)
Information: Changed wire load model for '*ADD_UNS_OP_11_1_11' from '(none)' to 'ForQA'. (OPT-170)
Information: Changed wire load model for 'DW01_add_width6' from '(none)' to 'ForQA'. (OPT-170)
Information: Changed wire load model for '*ADD_UNS_OP_6_4_6' from '(none)' to 'ForQA'. (OPT-170)
Information: Changed wire load model for 'DW01_add_width6' from '(none)' to 'ForQA'. (OPT-170)
Information: Changed wire load model for '*ADD_UNS_OP_4_5_6' from '(none)' to 'ForQA'. (OPT-170)
Information: Changed wire load model for 'DW01_add_width6' from '(none)' to 'ForQA'. (OPT-170)
Information: Changed wire load model for '*ADD_UNS_OP_5_5_6' from '(none)' to 'ForQA'. (OPT-170)
Information: Changed wire load model for 'DW01_add_width6' from '(none)' to 'ForQA'. (OPT-170)
Information: Changed wire load model for '*ADD_UNS_OP_4_5_6' from '(none)' to 'ForQA'. (OPT-170)
Information: Changed wire load model for 'DW01_add_width6' from '(none)' to 'ForQA'. (OPT-170)
Information: Changed wire load model for '*ADD_UNS_OP_5_5_6' from '(none)' to 'ForQA'. (OPT-170)
Information: Changed wire load model for 'DW01_add_width6' from '(none)' to 'ForQA'. (OPT-170)
Information: Changed wire load model for '*ADD_UNS_OP_4_5_6' from '(none)' to 'ForQA'. (OPT-170)
Information: Changed wire load model for 'DW01_add_width6' from '(none)' to 'ForQA'. (OPT-170)
Information: Changed wire load model for '*ADD_UNS_OP_5_5_6' from '(none)' to 'ForQA'. (OPT-170)
Information: Changed wire load model for 'DW01_add_width6' from '(none)' to 'ForQA'. (OPT-170)
Information: Changed wire load model for '*ADD_UNS_OP_4_5_6' from '(none)' to 'ForQA'. (OPT-170)
Information: Changed wire load model for 'DW01_add_width6' from '(none)' to 'ForQA'. (OPT-170)
Information: Changed wire load model for '*ADD_UNS_OP_5_5_6' from '(none)' to 'ForQA'. (OPT-170)
Information: Changed wire load model for 'DW01_add_width6' from '(none)' to 'ForQA'. (OPT-170)
Information: Changed wire load model for '*ADD_UNS_OP_4_5_6' from '(none)' to 'ForQA'. (OPT-170)
Information: Changed wire load model for 'DW01_add_width6' from '(none)' to 'ForQA'. (OPT-170)
Information: Changed wire load model for '*ADD_UNS_OP_4_5_6' from '(none)' to 'ForQA'. (OPT-170)
Information: Changed wire load model for 'DW02_mult' from '(none)' to 'ForQA'. (OPT-170)
Information: Changed wire load model for '*MULT_UNS_OP_4_3_6' from '(none)' to 'ForQA'. (OPT-170)
Information: Changed wire load model for 'DW01_add_width6' from '(none)' to 'ForQA'. (OPT-170)
Information: Changed wire load model for '*ADD_UNS_OP_6_5_6' from '(none)' to 'ForQA'. (OPT-170)
Information: Changed wire load model for 'DW01_add_width6' from '(none)' to 'ForQA'. (OPT-170)
Information: Changed wire load model for '*ADD_UNS_OP_6_5_6' from '(none)' to 'ForQA'. (OPT-170)
Information: Changed wire load model for 'DW01_add_width6' from '(none)' to 'ForQA'. (OPT-170)
Information: Changed wire load model for '*ADD_UNS_OP_6_5_6' from '(none)' to 'ForQA'. (OPT-170)
Information: Changed wire load model for 'DW01_add_width6' from '(none)' to 'ForQA'. (OPT-170)
Information: Changed wire load model for '*ADD_UNS_OP_6_5_6' from '(none)' to 'ForQA'. (OPT-170)
Information: Changed wire load model for 'DW01_add_width6' from '(none)' to 'ForQA'. (OPT-170)
Information: Changed wire load model for '*ADD_UNS_OP_4_5_6' from '(none)' to 'ForQA'. (OPT-170)
Information: Changed wire load model for 'DW01_add_width6' from '(none)' to 'ForQA'. (OPT-170)
Information: Changed wire load model for '*ADD_UNS_OP_5_5_6' from '(none)' to 'ForQA'. (OPT-170)
Information: Changed wire load model for 'DW01_add_width6' from '(none)' to 'ForQA'. (OPT-170)
Information: Changed wire load model for '*ADD_UNS_OP_4_5_6' from '(none)' to 'ForQA'. (OPT-170)
Information: Changed wire load model for 'DW01_add_width6' from '(none)' to 'ForQA'. (OPT-170)
Information: Changed wire load model for '*ADD_UNS_OP_5_5_6' from '(none)' to 'ForQA'. (OPT-170)
Information: Changed wire load model for 'DW01_add_width6' from '(none)' to 'ForQA'. (OPT-170)
Information: Changed wire load model for '*ADD_UNS_OP_6_5_6' from '(none)' to 'ForQA'. (OPT-170)
Information: Changed wire load model for 'DW01_add_width6' from '(none)' to 'ForQA'. (OPT-170)
Information: Changed wire load model for '*ADD_UNS_OP_4_5_6' from '(none)' to 'ForQA'. (OPT-170)
Information: Changed wire load model for 'DW01_add_width6' from '(none)' to 'ForQA'. (OPT-170)
Information: Changed wire load model for '*ADD_UNS_OP_4_5_6' from '(none)' to 'ForQA'. (OPT-170)
Information: Changed wire load model for 'DW01_add_width6' from '(none)' to 'ForQA'. (OPT-170)
Information: Changed wire load model for '*ADD_UNS_OP_5_5_6' from '(none)' to 'ForQA'. (OPT-170)
Information: Changed wire load model for 'DW01_add_width6' from '(none)' to 'ForQA'. (OPT-170)
Information: Changed wire load model for '*ADD_UNS_OP_4_5_6' from '(none)' to 'ForQA'. (OPT-170)
Information: Changed wire load model for 'DW01_add_width6' from '(none)' to 'ForQA'. (OPT-170)
Information: Changed wire load model for '*ADD_UNS_OP_5_5_6' from '(none)' to 'ForQA'. (OPT-170)
Information: Changed wire load model for 'DW01_add_width6' from '(none)' to 'ForQA'. (OPT-170)
Information: Changed wire load model for '*ADD_UNS_OP_4_5_6' from '(none)' to 'ForQA'. (OPT-170)
Information: Changed wire load model for 'DW01_add_width6' from '(none)' to 'ForQA'. (OPT-170)
Information: Changed wire load model for '*ADD_UNS_OP_5_5_6' from '(none)' to 'ForQA'. (OPT-170)
Information: Changed wire load model for 'DW01_add_width6' from '(none)' to 'ForQA'. (OPT-170)
Information: Changed wire load model for '*ADD_UNS_OP_4_5_6' from '(none)' to 'ForQA'. (OPT-170)
Information: Changed wire load model for 'DW01_add_width6' from '(none)' to 'ForQA'. (OPT-170)
Information: Changed wire load model for '*ADD_UNS_OP_5_5_6' from '(none)' to 'ForQA'. (OPT-170)
Information: Changed wire load model for 'DW01_add_width6' from '(none)' to 'ForQA'. (OPT-170)
Information: Changed wire load model for '*ADD_UNS_OP_4_5_6' from '(none)' to 'ForQA'. (OPT-170)
Information: Changed wire load model for 'DW01_add_width6' from '(none)' to 'ForQA'. (OPT-170)
Information: Changed wire load model for '*ADD_UNS_OP_4_5_6' from '(none)' to 'ForQA'. (OPT-170)
Information: Changed wire load model for 'DW01_add_width6' from '(none)' to 'ForQA'. (OPT-170)
Information: Changed wire load model for '*ADD_UNS_OP_5_5_6' from '(none)' to 'ForQA'. (OPT-170)
Information: Changed wire load model for 'DW01_add_width6' from '(none)' to 'ForQA'. (OPT-170)
Information: Changed wire load model for '*ADD_UNS_OP_4_5_6' from '(none)' to 'ForQA'. (OPT-170)
Information: Changed wire load model for 'DW01_add_width6' from '(none)' to 'ForQA'. (OPT-170)
Information: Changed wire load model for '*ADD_UNS_OP_5_5_6' from '(none)' to 'ForQA'. (OPT-170)
Information: Changed wire load model for 'DW01_add_width6' from '(none)' to 'ForQA'. (OPT-170)
Information: Changed wire load model for '*ADD_UNS_OP_5_2_6' from '(none)' to 'ForQA'. (OPT-170)
Information: Changed wire load model for 'DW02_mult' from '(none)' to 'ForQA'. (OPT-170)
Information: Changed wire load model for '*MULT_UNS_OP_5_3_5' from '(none)' to 'ForQA'. (OPT-170)
Information: Changed wire load model for 'DW02_mult' from '(none)' to 'ForQA'. (OPT-170)
Information: Changed wire load model for '*MULT_UNS_OP_4_3_5' from '(none)' to 'ForQA'. (OPT-170)
Information: Changed wire load model for 'DW02_mult' from '(none)' to 'ForQA'. (OPT-170)
Information: Changed wire load model for '*MULT_UNS_OP_4_3_5' from '(none)' to 'ForQA'. (OPT-170)
Information: Changed wire load model for 'DW02_mult' from '(none)' to 'ForQA'. (OPT-170)
Information: Changed wire load model for '*MULT_UNS_OP_2_3_5' from '(none)' to 'ForQA'. (OPT-170)
Information: Changed wire load model for 'DW01_inc_width6' from '(none)' to 'ForQA'. (OPT-170)
Information: Changed wire load model for '*ADD_UNS_OP_5_1_6' from '(none)' to 'ForQA'. (OPT-170)
Information: Changed wire load model for 'DW01_inc_width6' from '(none)' to 'ForQA'. (OPT-170)
Information: Changed wire load model for '*ADD_UNS_OP_5_1_6' from '(none)' to 'ForQA'. (OPT-170)
Information: Changed wire load model for 'DW01_cmp2_width2' from '(none)' to 'ForQA'. (OPT-170)
Information: Changed wire load model for '*LT_UNS_OP_2_2_1' from '(none)' to 'ForQA'. (OPT-170)
Information: Changed wire load model for 'DW01_cmp2_width11' from '(none)' to 'ForQA'. (OPT-170)
Information: Changed wire load model for '*LT_UNS_OP_11_10_1' from '(none)' to 'ForQA'. (OPT-170)
Information: Changed wire load model for 'DW01_cmp2_width6' from '(none)' to 'ForQA'. (OPT-170)
Information: Changed wire load model for '*LEQ_UNS_OP_6_3_1' from '(none)' to 'ForQA'. (OPT-170)
Information: Changed wire load model for 'DW01_add_width4' from '(none)' to 'ForQA'. (OPT-170)
Information: Changed wire load model for '*ADD_UNS_OP_4_2_4' from '(none)' to 'ForQA'. (OPT-170)
Information: Updating design information... (UID-85)
Warning: Design 'Convnet_top' contains 4 high-fanout nets. A fanout number of 1000 will be used for delay calculations involving these nets. (TIM-134)

Information: Checking generated_clocks...

Information: Checking loops...

Information: Checking no_input_delay...

Information: Checking unconstrained_endpoints...

Information: Checking pulse_clock_cell_type...

Information: Checking no_driving_cell...

Information: Checking partial_input_delay...
1
