 
****************************************
check_design summary:
Version:     O-2018.06
Date:        Thu Dec 12 06:46:08 2019
****************************************

                   Name                                            Total
--------------------------------------------------------------------------------
Inputs/Outputs                                                    189
    Unconnected ports (LINT-28)                                   189

Cells                                                              49
    Cells do not drive (LINT-1)                                    49

Nets                                                               32
    Unloaded nets (LINT-2)                                         32
--------------------------------------------------------------------------------

Warning: In design 'Convnet_top', cell 'C1814' does not drive any nets. (LINT-1)
Warning: In design 'Convnet_top', cell 'C1819' does not drive any nets. (LINT-1)
Warning: In design 'Convnet_top', cell 'C1825' does not drive any nets. (LINT-1)
Warning: In design 'Convnet_top', cell 'C1851' does not drive any nets. (LINT-1)
Warning: In design 'Convnet_top', cell 'C1856' does not drive any nets. (LINT-1)
Warning: In design 'Convnet_top', cell 'C1861' does not drive any nets. (LINT-1)
Warning: In design 'Convnet_top', cell 'C1866' does not drive any nets. (LINT-1)
Warning: In design 'Convnet_top', cell 'C1869' does not drive any nets. (LINT-1)
Warning: In design 'Convnet_top', cell 'C1941' does not drive any nets. (LINT-1)
Warning: In design 'Convnet_top', cell 'C1942' does not drive any nets. (LINT-1)
Warning: In design 'Convnet_top', cell 'C1950' does not drive any nets. (LINT-1)
Warning: In design 'Convnet_top', cell 'C1951' does not drive any nets. (LINT-1)
Warning: In design 'Convnet_top', cell 'C1959' does not drive any nets. (LINT-1)
Warning: In design 'Convnet_top', cell 'C1960' does not drive any nets. (LINT-1)
Warning: In design 'Convnet_top', cell 'C1970' does not drive any nets. (LINT-1)
Warning: In design 'Convnet_top', cell 'C1971' does not drive any nets. (LINT-1)
Warning: In design 'Convnet_top', cell 'C1994' does not drive any nets. (LINT-1)
Warning: In design 'addr', cell 'C713' does not drive any nets. (LINT-1)
Warning: In design 'addr', cell 'C715' does not drive any nets. (LINT-1)
Warning: In design 'addr', cell 'C717' does not drive any nets. (LINT-1)
Warning: In design 'addr', cell 'B_17' does not drive any nets. (LINT-1)
Warning: In design 'addr', cell 'C737' does not drive any nets. (LINT-1)
Warning: In design 'addr', cell 'C738' does not drive any nets. (LINT-1)
Warning: In design 'addr', cell 'C739' does not drive any nets. (LINT-1)
Warning: In design 'addr', cell 'C740' does not drive any nets. (LINT-1)
Warning: In design 'addr', cell 'C751' does not drive any nets. (LINT-1)
Warning: In design 'addr', cell 'B_20' does not drive any nets. (LINT-1)
Warning: In design 'addr', cell 'C768' does not drive any nets. (LINT-1)
Warning: In design 'addr', cell 'C781' does not drive any nets. (LINT-1)
Warning: In design 'addr', cell 'C796' does not drive any nets. (LINT-1)
Warning: In design 'addr', cell 'C802' does not drive any nets. (LINT-1)
Warning: In design 'addr', cell 'B_25' does not drive any nets. (LINT-1)
Warning: In design 'addr', cell 'C815' does not drive any nets. (LINT-1)
Warning: In design 'addr', cell 'C816' does not drive any nets. (LINT-1)
Warning: In design 'addr', cell 'C817' does not drive any nets. (LINT-1)
Warning: In design 'addr', cell 'C818' does not drive any nets. (LINT-1)
Warning: In design 'addr', cell 'B_27' does not drive any nets. (LINT-1)
Warning: In design 'top_CNN', cell 'B_41' does not drive any nets. (LINT-1)
Warning: In design 'top_CNN', cell 'B_42' does not drive any nets. (LINT-1)
Warning: In design 'top_CNN', cell 'B_43' does not drive any nets. (LINT-1)
Warning: In design 'top_CNN', cell 'B_44' does not drive any nets. (LINT-1)
Warning: In design 'top_CNN', cell 'B_45' does not drive any nets. (LINT-1)
Warning: In design 'top_CNN', cell 'B_46' does not drive any nets. (LINT-1)
Warning: In design 'top_CNN', cell 'B_47' does not drive any nets. (LINT-1)
Warning: In design 'top_CNN', cell 'C12485' does not drive any nets. (LINT-1)
Warning: In design 'top_CNN', cell 'C12486' does not drive any nets. (LINT-1)
Warning: In design 'top_CNN', cell 'C12487' does not drive any nets. (LINT-1)
Warning: In design 'wen', cell 'C184' does not drive any nets. (LINT-1)
Warning: In design 'wen', cell 'C209' does not drive any nets. (LINT-1)
Warning: In design 'Convnet_top', net 'feature_maps_o3[8]' driven by pin 'top_CNN/feature_maps_o3[8]' has no loads. (LINT-2)
Warning: In design 'Convnet_top', net 'feature_maps_o3[9]' driven by pin 'top_CNN/feature_maps_o3[9]' has no loads. (LINT-2)
Warning: In design 'Convnet_top', net 'feature_maps_o3[10]' driven by pin 'top_CNN/feature_maps_o3[10]' has no loads. (LINT-2)
Warning: In design 'Convnet_top', net 'feature_maps_o3[11]' driven by pin 'top_CNN/feature_maps_o3[11]' has no loads. (LINT-2)
Warning: In design 'Convnet_top', net 'feature_maps_o3[12]' driven by pin 'top_CNN/feature_maps_o3[12]' has no loads. (LINT-2)
Warning: In design 'Convnet_top', net 'feature_maps_o3[13]' driven by pin 'top_CNN/feature_maps_o3[13]' has no loads. (LINT-2)
Warning: In design 'Convnet_top', net 'feature_maps_o3[14]' driven by pin 'top_CNN/feature_maps_o3[14]' has no loads. (LINT-2)
Warning: In design 'Convnet_top', net 'feature_maps_o3[15]' driven by pin 'top_CNN/feature_maps_o3[15]' has no loads. (LINT-2)
Warning: In design 'Convnet_top', net 'feature_maps_o2[8]' driven by pin 'top_CNN/feature_maps_o2[8]' has no loads. (LINT-2)
Warning: In design 'Convnet_top', net 'feature_maps_o2[9]' driven by pin 'top_CNN/feature_maps_o2[9]' has no loads. (LINT-2)
Warning: In design 'Convnet_top', net 'feature_maps_o2[10]' driven by pin 'top_CNN/feature_maps_o2[10]' has no loads. (LINT-2)
Warning: In design 'Convnet_top', net 'feature_maps_o2[11]' driven by pin 'top_CNN/feature_maps_o2[11]' has no loads. (LINT-2)
Warning: In design 'Convnet_top', net 'feature_maps_o2[12]' driven by pin 'top_CNN/feature_maps_o2[12]' has no loads. (LINT-2)
Warning: In design 'Convnet_top', net 'feature_maps_o2[13]' driven by pin 'top_CNN/feature_maps_o2[13]' has no loads. (LINT-2)
Warning: In design 'Convnet_top', net 'feature_maps_o2[14]' driven by pin 'top_CNN/feature_maps_o2[14]' has no loads. (LINT-2)
Warning: In design 'Convnet_top', net 'feature_maps_o2[15]' driven by pin 'top_CNN/feature_maps_o2[15]' has no loads. (LINT-2)
Warning: In design 'Convnet_top', net 'feature_maps_o1[8]' driven by pin 'top_CNN/feature_maps_o1[8]' has no loads. (LINT-2)
Warning: In design 'Convnet_top', net 'feature_maps_o1[9]' driven by pin 'top_CNN/feature_maps_o1[9]' has no loads. (LINT-2)
Warning: In design 'Convnet_top', net 'feature_maps_o1[10]' driven by pin 'top_CNN/feature_maps_o1[10]' has no loads. (LINT-2)
Warning: In design 'Convnet_top', net 'feature_maps_o1[11]' driven by pin 'top_CNN/feature_maps_o1[11]' has no loads. (LINT-2)
Warning: In design 'Convnet_top', net 'feature_maps_o1[12]' driven by pin 'top_CNN/feature_maps_o1[12]' has no loads. (LINT-2)
Warning: In design 'Convnet_top', net 'feature_maps_o1[13]' driven by pin 'top_CNN/feature_maps_o1[13]' has no loads. (LINT-2)
Warning: In design 'Convnet_top', net 'feature_maps_o1[14]' driven by pin 'top_CNN/feature_maps_o1[14]' has no loads. (LINT-2)
Warning: In design 'Convnet_top', net 'feature_maps_o1[15]' driven by pin 'top_CNN/feature_maps_o1[15]' has no loads. (LINT-2)
Warning: In design 'Convnet_top', net 'feature_maps_o0[8]' driven by pin 'top_CNN/feature_maps_o0[8]' has no loads. (LINT-2)
Warning: In design 'Convnet_top', net 'feature_maps_o0[9]' driven by pin 'top_CNN/feature_maps_o0[9]' has no loads. (LINT-2)
Warning: In design 'Convnet_top', net 'feature_maps_o0[10]' driven by pin 'top_CNN/feature_maps_o0[10]' has no loads. (LINT-2)
Warning: In design 'Convnet_top', net 'feature_maps_o0[11]' driven by pin 'top_CNN/feature_maps_o0[11]' has no loads. (LINT-2)
Warning: In design 'Convnet_top', net 'feature_maps_o0[12]' driven by pin 'top_CNN/feature_maps_o0[12]' has no loads. (LINT-2)
Warning: In design 'Convnet_top', net 'feature_maps_o0[13]' driven by pin 'top_CNN/feature_maps_o0[13]' has no loads. (LINT-2)
Warning: In design 'Convnet_top', net 'feature_maps_o0[14]' driven by pin 'top_CNN/feature_maps_o0[14]' has no loads. (LINT-2)
Warning: In design 'Convnet_top', net 'feature_maps_o0[15]' driven by pin 'top_CNN/feature_maps_o0[15]' has no loads. (LINT-2)
Warning: In design 'bytemask', port 'rst_n' is not connected to any nets. (LINT-28)
Warning: In design 'bytemask', port 'x_cnt[4]' is not connected to any nets. (LINT-28)
Warning: In design 'bytemask', port 'x_cnt[3]' is not connected to any nets. (LINT-28)
Warning: In design 'bytemask', port 'x_cnt[2]' is not connected to any nets. (LINT-28)
Warning: In design 'bytemask', port 'y_cnt[4]' is not connected to any nets. (LINT-28)
Warning: In design 'bytemask', port 'y_cnt[3]' is not connected to any nets. (LINT-28)
Warning: In design 'bytemask', port 'y_cnt[2]' is not connected to any nets. (LINT-28)
Warning: In design 'bytemask', port 'conv_cnt[9]' is not connected to any nets. (LINT-28)
Warning: In design 'bytemask', port 'conv_cnt[8]' is not connected to any nets. (LINT-28)
Warning: In design 'bytemask', port 'conv_cnt[7]' is not connected to any nets. (LINT-28)
Warning: In design 'bytemask', port 'conv_cnt[6]' is not connected to any nets. (LINT-28)
Warning: In design 'bytemask', port 'conv_cnt[5]' is not connected to any nets. (LINT-28)
Warning: In design 'bytemask', port 'conv_cnt[4]' is not connected to any nets. (LINT-28)
Warning: In design 'bytemask', port 'conv_cnt[3]' is not connected to any nets. (LINT-28)
Warning: In design 'bytemask', port 'conv_cnt[2]' is not connected to any nets. (LINT-28)
Warning: In design 'bytemask', port 'conv_cnt[1]' is not connected to any nets. (LINT-28)
Warning: In design 'bytemask', port 'conv_cnt[0]' is not connected to any nets. (LINT-28)
Warning: In design 'bytemask', port 'conv_cnt_p[9]' is not connected to any nets. (LINT-28)
Warning: In design 'bytemask', port 'conv_cnt_p[8]' is not connected to any nets. (LINT-28)
Warning: In design 'bytemask', port 'conv_cnt_p[7]' is not connected to any nets. (LINT-28)
Warning: In design 'bytemask', port 'conv_cnt_p[6]' is not connected to any nets. (LINT-28)
Warning: In design 'bytemask', port 'conv_cnt_p[5]' is not connected to any nets. (LINT-28)
Warning: In design 'bytemask', port 'conv_cnt_p[4]' is not connected to any nets. (LINT-28)
Warning: In design 'bytemask', port 'conv_cnt_p[3]' is not connected to any nets. (LINT-28)
Warning: In design 'bytemask', port 'conv_cnt_p[2]' is not connected to any nets. (LINT-28)
Warning: In design 'bytemask', port 'conv_cnt_p[1]' is not connected to any nets. (LINT-28)
Warning: In design 'bytemask', port 'conv_cnt_p[0]' is not connected to any nets. (LINT-28)
Warning: In design 'bytemask', port 'conv_cnt_pp[9]' is not connected to any nets. (LINT-28)
Warning: In design 'bytemask', port 'conv_cnt_pp[8]' is not connected to any nets. (LINT-28)
Warning: In design 'bytemask', port 'conv_cnt_pp[7]' is not connected to any nets. (LINT-28)
Warning: In design 'bytemask', port 'conv_cnt_pp[6]' is not connected to any nets. (LINT-28)
Warning: In design 'bytemask', port 'conv_cnt_pp[5]' is not connected to any nets. (LINT-28)
Warning: In design 'bytemask', port 'conv_cnt_pp[4]' is not connected to any nets. (LINT-28)
Warning: In design 'bytemask', port 'conv_cnt_pp[3]' is not connected to any nets. (LINT-28)
Warning: In design 'bytemask', port 'conv_cnt_pp[2]' is not connected to any nets. (LINT-28)
Warning: In design 'bytemask', port 'conv_cnt_pp[1]' is not connected to any nets. (LINT-28)
Warning: In design 'bytemask', port 'conv_cnt_pp[0]' is not connected to any nets. (LINT-28)
Warning: In design 'bytemask', port 'final_cnt[10]' is not connected to any nets. (LINT-28)
Warning: In design 'bytemask', port 'final_cnt[9]' is not connected to any nets. (LINT-28)
Warning: In design 'bytemask', port 'final_cnt[8]' is not connected to any nets. (LINT-28)
Warning: In design 'bytemask', port 'final_cnt[7]' is not connected to any nets. (LINT-28)
Warning: In design 'bytemask', port 'final_cnt[6]' is not connected to any nets. (LINT-28)
Warning: In design 'bytemask', port 'final_cnt[5]' is not connected to any nets. (LINT-28)
Warning: In design 'bytemask', port 'final_cnt[4]' is not connected to any nets. (LINT-28)
Warning: In design 'addr', port 'x_cnt_pp[4]' is not connected to any nets. (LINT-28)
Warning: In design 'addr', port 'x_cnt_pp[3]' is not connected to any nets. (LINT-28)
Warning: In design 'addr', port 'x_cnt_pp[2]' is not connected to any nets. (LINT-28)
Warning: In design 'addr', port 'x_cnt_pp[1]' is not connected to any nets. (LINT-28)
Warning: In design 'addr', port 'x_cnt_pp[0]' is not connected to any nets. (LINT-28)
Warning: In design 'addr', port 'y_cnt_pp[4]' is not connected to any nets. (LINT-28)
Warning: In design 'addr', port 'y_cnt_pp[3]' is not connected to any nets. (LINT-28)
Warning: In design 'addr', port 'y_cnt_pp[2]' is not connected to any nets. (LINT-28)
Warning: In design 'addr', port 'y_cnt_pp[1]' is not connected to any nets. (LINT-28)
Warning: In design 'addr', port 'y_cnt_pp[0]' is not connected to any nets. (LINT-28)
Warning: In design 'addr', port 'x_cnt_ppp[4]' is not connected to any nets. (LINT-28)
Warning: In design 'addr', port 'x_cnt_ppp[3]' is not connected to any nets. (LINT-28)
Warning: In design 'addr', port 'x_cnt_ppp[2]' is not connected to any nets. (LINT-28)
Warning: In design 'addr', port 'x_cnt_ppp[1]' is not connected to any nets. (LINT-28)
Warning: In design 'addr', port 'x_cnt_ppp[0]' is not connected to any nets. (LINT-28)
Warning: In design 'addr', port 'y_cnt_ppp[4]' is not connected to any nets. (LINT-28)
Warning: In design 'addr', port 'y_cnt_ppp[3]' is not connected to any nets. (LINT-28)
Warning: In design 'addr', port 'y_cnt_ppp[2]' is not connected to any nets. (LINT-28)
Warning: In design 'addr', port 'y_cnt_ppp[1]' is not connected to any nets. (LINT-28)
Warning: In design 'addr', port 'y_cnt_ppp[0]' is not connected to any nets. (LINT-28)
Warning: In design 'addr', port 'x_cnt_pppp[4]' is not connected to any nets. (LINT-28)
Warning: In design 'addr', port 'x_cnt_pppp[3]' is not connected to any nets. (LINT-28)
Warning: In design 'addr', port 'x_cnt_pppp[2]' is not connected to any nets. (LINT-28)
Warning: In design 'addr', port 'x_cnt_pppp[1]' is not connected to any nets. (LINT-28)
Warning: In design 'addr', port 'x_cnt_pppp[0]' is not connected to any nets. (LINT-28)
Warning: In design 'addr', port 'y_cnt_pppp[4]' is not connected to any nets. (LINT-28)
Warning: In design 'addr', port 'y_cnt_pppp[3]' is not connected to any nets. (LINT-28)
Warning: In design 'addr', port 'y_cnt_pppp[2]' is not connected to any nets. (LINT-28)
Warning: In design 'addr', port 'y_cnt_pppp[1]' is not connected to any nets. (LINT-28)
Warning: In design 'addr', port 'y_cnt_pppp[0]' is not connected to any nets. (LINT-28)
Warning: In design 'addr', port 'x_cnt_ppppp[0]' is not connected to any nets. (LINT-28)
Warning: In design 'addr', port 'y_cnt_ppppp[0]' is not connected to any nets. (LINT-28)
Warning: In design 'addr', port 'read_cnt[10]' is not connected to any nets. (LINT-28)
Warning: In design 'addr', port 'read_cnt[9]' is not connected to any nets. (LINT-28)
Warning: In design 'addr', port 'read_cnt[8]' is not connected to any nets. (LINT-28)
Warning: In design 'addr', port 'read_cnt[7]' is not connected to any nets. (LINT-28)
Warning: In design 'addr', port 'read_cnt[6]' is not connected to any nets. (LINT-28)
Warning: In design 'addr', port 'read_cnt[5]' is not connected to any nets. (LINT-28)
Warning: In design 'addr', port 'read_cnt[4]' is not connected to any nets. (LINT-28)
Warning: In design 'addr', port 'read_cnt[3]' is not connected to any nets. (LINT-28)
Warning: In design 'addr', port 'read_cnt[2]' is not connected to any nets. (LINT-28)
Warning: In design 'addr', port 'read_bias_finish' is not connected to any nets. (LINT-28)
Warning: In design 'addr', port 'conv_cnt[9]' is not connected to any nets. (LINT-28)
Warning: In design 'addr', port 'conv_cnt[8]' is not connected to any nets. (LINT-28)
Warning: In design 'addr', port 'conv_cnt[7]' is not connected to any nets. (LINT-28)
Warning: In design 'addr', port 'conv_cnt_p[9]' is not connected to any nets. (LINT-28)
Warning: In design 'addr', port 'conv_cnt_p[8]' is not connected to any nets. (LINT-28)
Warning: In design 'addr', port 'conv_cnt_p[7]' is not connected to any nets. (LINT-28)
Warning: In design 'addr', port 'conv_cnt_p[6]' is not connected to any nets. (LINT-28)
Warning: In design 'addr', port 'conv_cnt_p[5]' is not connected to any nets. (LINT-28)
Warning: In design 'addr', port 'conv_cnt_p[4]' is not connected to any nets. (LINT-28)
Warning: In design 'addr', port 'conv_cnt_p[3]' is not connected to any nets. (LINT-28)
Warning: In design 'addr', port 'conv_cnt_p[2]' is not connected to any nets. (LINT-28)
Warning: In design 'addr', port 'conv_cnt_p[1]' is not connected to any nets. (LINT-28)
Warning: In design 'addr', port 'conv_cnt_p[0]' is not connected to any nets. (LINT-28)
Warning: In design 'addr', port 'conv_cnt_pp[9]' is not connected to any nets. (LINT-28)
Warning: In design 'addr', port 'conv_cnt_pp[8]' is not connected to any nets. (LINT-28)
Warning: In design 'addr', port 'conv_cnt_pp[7]' is not connected to any nets. (LINT-28)
Warning: In design 'addr', port 'conv_cnt_pp[6]' is not connected to any nets. (LINT-28)
Warning: In design 'addr', port 'conv_cnt_pp[5]' is not connected to any nets. (LINT-28)
Warning: In design 'addr', port 'conv_cnt_pp[4]' is not connected to any nets. (LINT-28)
Warning: In design 'addr', port 'conv_cnt_pp[1]' is not connected to any nets. (LINT-28)
Warning: In design 'addr', port 'conv_cnt_pp[0]' is not connected to any nets. (LINT-28)
Warning: In design 'top_CNN', port 'x_cnt[4]' is not connected to any nets. (LINT-28)
Warning: In design 'top_CNN', port 'x_cnt[3]' is not connected to any nets. (LINT-28)
Warning: In design 'top_CNN', port 'x_cnt[2]' is not connected to any nets. (LINT-28)
Warning: In design 'top_CNN', port 'x_cnt[1]' is not connected to any nets. (LINT-28)
Warning: In design 'top_CNN', port 'x_cnt[0]' is not connected to any nets. (LINT-28)
Warning: In design 'top_CNN', port 'y_cnt[4]' is not connected to any nets. (LINT-28)
Warning: In design 'top_CNN', port 'y_cnt[3]' is not connected to any nets. (LINT-28)
Warning: In design 'top_CNN', port 'y_cnt[2]' is not connected to any nets. (LINT-28)
Warning: In design 'top_CNN', port 'y_cnt[1]' is not connected to any nets. (LINT-28)
Warning: In design 'top_CNN', port 'y_cnt[0]' is not connected to any nets. (LINT-28)
Warning: In design 'top_CNN', port 'x_cnt_p[4]' is not connected to any nets. (LINT-28)
Warning: In design 'top_CNN', port 'x_cnt_p[3]' is not connected to any nets. (LINT-28)
Warning: In design 'top_CNN', port 'x_cnt_p[2]' is not connected to any nets. (LINT-28)
Warning: In design 'top_CNN', port 'x_cnt_p[1]' is not connected to any nets. (LINT-28)
Warning: In design 'top_CNN', port 'x_cnt_p[0]' is not connected to any nets. (LINT-28)
Warning: In design 'top_CNN', port 'y_cnt_p[4]' is not connected to any nets. (LINT-28)
Warning: In design 'top_CNN', port 'y_cnt_p[3]' is not connected to any nets. (LINT-28)
Warning: In design 'top_CNN', port 'y_cnt_p[2]' is not connected to any nets. (LINT-28)
Warning: In design 'top_CNN', port 'y_cnt_p[1]' is not connected to any nets. (LINT-28)
Warning: In design 'top_CNN', port 'y_cnt_p[0]' is not connected to any nets. (LINT-28)
Warning: In design 'top_CNN', port 'x_cnt_pp[4]' is not connected to any nets. (LINT-28)
Warning: In design 'top_CNN', port 'x_cnt_pp[3]' is not connected to any nets. (LINT-28)
Warning: In design 'top_CNN', port 'x_cnt_pp[2]' is not connected to any nets. (LINT-28)
Warning: In design 'top_CNN', port 'x_cnt_pp[1]' is not connected to any nets. (LINT-28)
Warning: In design 'top_CNN', port 'y_cnt_pp[4]' is not connected to any nets. (LINT-28)
Warning: In design 'top_CNN', port 'y_cnt_pp[3]' is not connected to any nets. (LINT-28)
Warning: In design 'top_CNN', port 'y_cnt_pp[2]' is not connected to any nets. (LINT-28)
Warning: In design 'top_CNN', port 'y_cnt_pp[1]' is not connected to any nets. (LINT-28)
Warning: In design 'top_CNN', port 'x_cnt_ppp[4]' is not connected to any nets. (LINT-28)
Warning: In design 'top_CNN', port 'x_cnt_ppp[3]' is not connected to any nets. (LINT-28)
Warning: In design 'top_CNN', port 'x_cnt_ppp[2]' is not connected to any nets. (LINT-28)
Warning: In design 'top_CNN', port 'x_cnt_ppp[1]' is not connected to any nets. (LINT-28)
Warning: In design 'top_CNN', port 'x_cnt_ppp[0]' is not connected to any nets. (LINT-28)
Warning: In design 'top_CNN', port 'y_cnt_ppp[4]' is not connected to any nets. (LINT-28)
Warning: In design 'top_CNN', port 'y_cnt_ppp[3]' is not connected to any nets. (LINT-28)
Warning: In design 'top_CNN', port 'y_cnt_ppp[2]' is not connected to any nets. (LINT-28)
Warning: In design 'top_CNN', port 'y_cnt_ppp[1]' is not connected to any nets. (LINT-28)
Warning: In design 'top_CNN', port 'y_cnt_ppp[0]' is not connected to any nets. (LINT-28)
Warning: In design 'top_CNN', port 'read_input_cnt[1]' is not connected to any nets. (LINT-28)
Warning: In design 'top_CNN', port 'read_input_cnt[0]' is not connected to any nets. (LINT-28)
Warning: In design 'top_CNN', port 'read_input_cnt_p[1]' is not connected to any nets. (LINT-28)
Warning: In design 'top_CNN', port 'read_input_cnt_p[0]' is not connected to any nets. (LINT-28)
Warning: In design 'top_CNN', port 'read_bias_finish' is not connected to any nets. (LINT-28)
Warning: In design 'top_CNN', port 'read_cnt[10]' is not connected to any nets. (LINT-28)
Warning: In design 'top_CNN', port 'read_cnt[9]' is not connected to any nets. (LINT-28)
Warning: In design 'top_CNN', port 'read_cnt[8]' is not connected to any nets. (LINT-28)
Warning: In design 'top_CNN', port 'read_cnt[7]' is not connected to any nets. (LINT-28)
Warning: In design 'top_CNN', port 'read_cnt[6]' is not connected to any nets. (LINT-28)
Warning: In design 'top_CNN', port 'read_cnt[5]' is not connected to any nets. (LINT-28)
Warning: In design 'top_CNN', port 'read_cnt[4]' is not connected to any nets. (LINT-28)
Warning: In design 'wen', port 'x_cnt[4]' is not connected to any nets. (LINT-28)
Warning: In design 'wen', port 'x_cnt[3]' is not connected to any nets. (LINT-28)
Warning: In design 'wen', port 'y_cnt[4]' is not connected to any nets. (LINT-28)
Warning: In design 'wen', port 'y_cnt[3]' is not connected to any nets. (LINT-28)
Warning: In design 'wen', port 'x_cnt_pp[4]' is not connected to any nets. (LINT-28)
Warning: In design 'wen', port 'x_cnt_pp[3]' is not connected to any nets. (LINT-28)
Warning: In design 'wen', port 'x_cnt_pp[2]' is not connected to any nets. (LINT-28)
Warning: In design 'wen', port 'x_cnt_pp[1]' is not connected to any nets. (LINT-28)
Warning: In design 'wen', port 'x_cnt_pp[0]' is not connected to any nets. (LINT-28)
Warning: In design 'wen', port 'y_cnt_pp[4]' is not connected to any nets. (LINT-28)
Warning: In design 'wen', port 'y_cnt_pp[3]' is not connected to any nets. (LINT-28)
Warning: In design 'wen', port 'y_cnt_pp[2]' is not connected to any nets. (LINT-28)
Warning: In design 'wen', port 'y_cnt_pp[1]' is not connected to any nets. (LINT-28)
Warning: In design 'wen', port 'y_cnt_pp[0]' is not connected to any nets. (LINT-28)
Warning: In design 'wen', port 'x_cnt_ppp[4]' is not connected to any nets. (LINT-28)
Warning: In design 'wen', port 'x_cnt_ppp[3]' is not connected to any nets. (LINT-28)
Warning: In design 'wen', port 'x_cnt_ppp[2]' is not connected to any nets. (LINT-28)
Warning: In design 'wen', port 'x_cnt_ppp[1]' is not connected to any nets. (LINT-28)
Warning: In design 'wen', port 'x_cnt_ppp[0]' is not connected to any nets. (LINT-28)
Warning: In design 'wen', port 'y_cnt_ppp[4]' is not connected to any nets. (LINT-28)
Warning: In design 'wen', port 'y_cnt_ppp[3]' is not connected to any nets. (LINT-28)
Warning: In design 'wen', port 'y_cnt_ppp[2]' is not connected to any nets. (LINT-28)
Warning: In design 'wen', port 'y_cnt_ppp[1]' is not connected to any nets. (LINT-28)
Warning: In design 'wen', port 'y_cnt_ppp[0]' is not connected to any nets. (LINT-28)
Warning: In design 'wen', port 'x_cnt_ppppp[4]' is not connected to any nets. (LINT-28)
Warning: In design 'wen', port 'x_cnt_ppppp[3]' is not connected to any nets. (LINT-28)
Warning: In design 'wen', port 'x_cnt_ppppp[2]' is not connected to any nets. (LINT-28)
Warning: In design 'wen', port 'x_cnt_ppppp[1]' is not connected to any nets. (LINT-28)
Warning: In design 'wen', port 'y_cnt_ppppp[4]' is not connected to any nets. (LINT-28)
Warning: In design 'wen', port 'y_cnt_ppppp[3]' is not connected to any nets. (LINT-28)
Warning: In design 'wen', port 'y_cnt_ppppp[2]' is not connected to any nets. (LINT-28)
Warning: In design 'wen', port 'y_cnt_ppppp[1]' is not connected to any nets. (LINT-28)
1
