
################################################################################
#
# This file has been generated by SpyGlass:
#     Report Name      : moresimple
#     Report Created by: u105061255
#     Report Created on:  Thu Dec 12 06:46:23 2019
#     Working Directory: /home/u105/u105061255/ICLAB/HW5/PART2/hdl
#     SpyGlass Version : SpyGlass_vO-2018.09-SP2
#     Policy Name      : SpyGlass(SpyGlass_vO-2018.09-SP2)
#                        erc(SpyGlass_vO-2018.09-SP2)
#                        latch(SpyGlass_vO-2018.09-SP2)
#                        lint(SpyGlass_vO-2018.09-SP2)
#                        morelint(SpyGlass_vO-2018.09-SP2)
#                        openmore(SpyGlass_vO-2018.09-SP2)
#                        simulation(SpyGlass_vO-2018.09-SP2)
#                        starc(SpyGlass_vO-2018.09-SP2)
#                        starc2005(SpyGlass_vO-2018.09-SP2)
#                        timing(SpyGlass_vO-2018.09-SP2)
#
#     Total Number of Generated Messages :         35
#     Number of Waived Messages          :          0
#     Number of Reported Messages        :         35
#     Number of Overlimit Messages       :          0
#
#
################################################################################

+++++++++++++++++++++++++++++++++++++++++++++++++++++++++++++++++++++++
MORESIMPLE REPORT:


############### BuiltIn -> RuleGroup=Design Read ###############
+++++++++++++++++++++++++++++++++++++++++++++++++++++++++++++++++++++++++++++++++++++++
ID       Rule                    Alias                   Severity    File                                                                     Line    Wt      Message
======================================================================================
[3]      DetectTopDesignUnits    DetectTopDesignUnits    Info        Convnet_top.v                                                            1       2       Module Convnet_top is a top level design unit
[0]      WRN_1024                WRN_1024                Warning     top_CNN.v                                                                286     1000    signed argument '127' passed to $signed system function call
[1]      WRN_1024                WRN_1024                Warning     top_CNN.v                                                                288     1000    signed argument '0' passed to $signed system function call
[2]      ElabSummary             ElabSummary             Info        ./spyglass-1/lint/lint_rtl/spyglass_reports/SpyGlass/elab_summary.rpt    0       2       Please refer file './spyglass-1/lint/lint_rtl/spyglass_reports/SpyGlass/elab_summary.rpt' for elab summary report
+++++++++++++++++++++++++++++++++++++++++++++++++++++++++++++++++++++++++++++++++++++++


############### Non-BuiltIn -> Goal=lint/lint_rtl ###############
+++++++++++++++++++++++++++++++++++++++++++++++++++++++++++++++++++++++++++++++++++++++
ID       Rule                Alias                Severity    File                                                                      Line    Wt    Message
======================================================================================
[4]      STARC05-2.11.3.1    SepStateNextLogic    Warning     Convnet_top.v                                                             263     10    Combinational and sequential parts of an FSM 'Convnet_top.state' described in same always block
[13]     W240                                     Warning     addr.v                                                                    6       10    Input 'x_cnt_pp[4:0]' declared but not read.[Hierarchy: ':Convnet_top:addr@addr']
[10]     W240                                     Warning     addr.v                                                                    7       10    Input 'y_cnt_pp[4:0]' declared but not read.[Hierarchy: ':Convnet_top:addr@addr']
[12]     W240                                     Warning     addr.v                                                                    8       10    Input 'x_cnt_ppp[4:0]' declared but not read.[Hierarchy: ':Convnet_top:addr@addr']
[F]      W240                                     Warning     addr.v                                                                    9       10    Input 'y_cnt_ppp[4:0]' declared but not read.[Hierarchy: ':Convnet_top:addr@addr']
[11]     W240                                     Warning     addr.v                                                                    10      10    Input 'x_cnt_pppp[4:0]' declared but not read.[Hierarchy: ':Convnet_top:addr@addr']
[E]      W240                                     Warning     addr.v                                                                    11      10    Input 'y_cnt_pppp[4:0]' declared but not read.[Hierarchy: ':Convnet_top:addr@addr']
[D]      W240                                     Warning     addr.v                                                                    21      10    Input 'read_bias_finish' declared but not read.[Hierarchy: ':Convnet_top:addr@addr']
[14]     W240                                     Warning     addr.v                                                                    23      10    Input 'conv_cnt_p[9:0]' declared but not read.[Hierarchy: ':Convnet_top:addr@addr']
[9]      W240                                     Warning     bytemask.v                                                                5       10    Input 'rst_n' declared but not read.[Hierarchy: ':Convnet_top:bytemask@bytemask']
[C]      W240                                     Warning     bytemask.v                                                                10      10    Input 'conv_cnt[9:0]' declared but not read.[Hierarchy: ':Convnet_top:bytemask@bytemask']
[B]      W240                                     Warning     bytemask.v                                                                11      10    Input 'conv_cnt_p[9:0]' declared but not read.[Hierarchy: ':Convnet_top:bytemask@bytemask']
[A]      W240                                     Warning     bytemask.v                                                                12      10    Input 'conv_cnt_pp[9:0]' declared but not read.[Hierarchy: ':Convnet_top:bytemask@bytemask']
[1D]     W240                                     Warning     top_CNN.v                                                                 17      10    Input 'x_cnt[4:0]' declared but not read.[Hierarchy: ':Convnet_top:top_CNN@top_CNN']
[1A]     W240                                     Warning     top_CNN.v                                                                 18      10    Input 'y_cnt[4:0]' declared but not read.[Hierarchy: ':Convnet_top:top_CNN@top_CNN']
[1C]     W240                                     Warning     top_CNN.v                                                                 19      10    Input 'x_cnt_p[4:0]' declared but not read.[Hierarchy: ':Convnet_top:top_CNN@top_CNN']
[19]     W240                                     Warning     top_CNN.v                                                                 20      10    Input 'y_cnt_p[4:0]' declared but not read.[Hierarchy: ':Convnet_top:top_CNN@top_CNN']
[1B]     W240                                     Warning     top_CNN.v                                                                 23      10    Input 'x_cnt_ppp[4:0]' declared but not read.[Hierarchy: ':Convnet_top:top_CNN@top_CNN']
[18]     W240                                     Warning     top_CNN.v                                                                 24      10    Input 'y_cnt_ppp[4:0]' declared but not read.[Hierarchy: ':Convnet_top:top_CNN@top_CNN']
[1F]     W240                                     Warning     top_CNN.v                                                                 25      10    Input 'read_input_cnt[1:0]' declared but not read.[Hierarchy: ':Convnet_top:top_CNN@top_CNN']
[1E]     W240                                     Warning     top_CNN.v                                                                 26      10    Input 'read_input_cnt_p[1:0]' declared but not read.[Hierarchy: ':Convnet_top:top_CNN@top_CNN']
[17]     W240                                     Warning     top_CNN.v                                                                 29      10    Input 'read_bias_finish' declared but not read.[Hierarchy: ':Convnet_top:top_CNN@top_CNN']
[23]     W240                                     Warning     wen.v                                                                     5       10    Input 'x_cnt_pp[4:0]' declared but not read.[Hierarchy: ':Convnet_top:wen@wen']
[21]     W240                                     Warning     wen.v                                                                     6       10    Input 'y_cnt_pp[4:0]' declared but not read.[Hierarchy: ':Convnet_top:wen@wen']
[22]     W240                                     Warning     wen.v                                                                     7       10    Input 'x_cnt_ppp[4:0]' declared but not read.[Hierarchy: ':Convnet_top:wen@wen']
[20]     W240                                     Warning     wen.v                                                                     8       10    Input 'y_cnt_ppp[4:0]' declared but not read.[Hierarchy: ':Convnet_top:wen@wen']
[6]      W528                                     Warning     Convnet_top.v                                                             593     10    Variable 'look[7:0]' set but not read.[Hierarchy: ':Convnet_top']
[16]     W528                                     Warning     addr.v                                                                    174     10    Variable 'x_offset_ppppp0[4:0]' set but not read.[Hierarchy: ':Convnet_top:addr@addr']
[15]     W528                                     Warning     addr.v                                                                    175     10    Variable 'y_offset_ppppp0[4:0]' set but not read.[Hierarchy: ':Convnet_top:addr@addr']
[8]      W240                                     Info        ./spyglass-1/lint/lint_rtl/spyglass_reports/lint/SignalUsageReport.rpt    0       10    Please refer to 'SignalUsageReport.rpt' for details of violating bits
[5]      W528                                     Info        ./spyglass-1/lint/lint_rtl/spyglass_reports/lint/SignalUsageReport.rpt    0       10    Please refer to 'SignalUsageReport.rpt' for details of violating bits
+++++++++++++++++++++++++++++++++++++++++++++++++++++++++++++++++++++++++++++++++++++++
