################################################################################
#
# This file has been generated by SpyGlass:
#     Report Created by: u105061255
#     Report Created on: Thu Dec 12 06:46:23 2019
#     Working Directory: /home/u105/u105061255/ICLAB/HW5/PART2/hdl
#     Report Location  : ./spyglass-1/lint/lint_rtl/spyglass_reports/lint/SignalUsageReport.rpt
#     SpyGlass Version : SpyGlass_vO-2018.09-SP2
#     Policy Name      : lint(SpyGlass_vO-2018.09-SP2)
#     Comment          : SignalUsageReport : It dumps details of violating bits of a signal

#
################################################################################



Module : Convnet_top(Hierarchy :Convnet_top)

W528 : Following Bits of signal 'look' (File Name: Convnet_top.v Line No.: 593) are set but not used
	[7:0]	


Module : bytemask(Hierarchy :Convnet_top:bytemask@bytemask)

W240 : Following Bits of signal 'conv_cnt' (File Name: bytemask.v Line No.: 10) are not read
	[9:0]	

W240 : Following Bits of signal 'conv_cnt_p' (File Name: bytemask.v Line No.: 11) are not read
	[9:0]	

W240 : Following Bits of signal 'conv_cnt_pp' (File Name: bytemask.v Line No.: 12) are not read
	[9:0]	


Module : addr(Hierarchy :Convnet_top:addr@addr)

W240 : Following Bits of signal 'conv_cnt_p' (File Name: addr.v Line No.: 23) are not read
	[9:0]	

W240 : Following Bits of signal 'x_cnt_pp' (File Name: addr.v Line No.: 6) are not read
	[4:0]	

W240 : Following Bits of signal 'x_cnt_ppp' (File Name: addr.v Line No.: 8) are not read
	[4:0]	

W240 : Following Bits of signal 'x_cnt_pppp' (File Name: addr.v Line No.: 10) are not read
	[4:0]	

W240 : Following Bits of signal 'y_cnt_pp' (File Name: addr.v Line No.: 7) are not read
	[4:0]	

W240 : Following Bits of signal 'y_cnt_ppp' (File Name: addr.v Line No.: 9) are not read
	[4:0]	

W240 : Following Bits of signal 'y_cnt_pppp' (File Name: addr.v Line No.: 11) are not read
	[4:0]	


Module : addr(Hierarchy :Convnet_top:addr@addr)

W528 : Following Bits of signal 'x_offset_ppppp0' (File Name: addr.v Line No.: 174) are set but not used
	[4:0]	

W528 : Following Bits of signal 'y_offset_ppppp0' (File Name: addr.v Line No.: 175) are set but not used
	[4:0]	


Module : top_CNN(Hierarchy :Convnet_top:top_CNN@top_CNN)

W240 : Following Bits of signal 'read_input_cnt' (File Name: top_CNN.v Line No.: 25) are not read
	[1:0]	

W240 : Following Bits of signal 'read_input_cnt_p' (File Name: top_CNN.v Line No.: 26) are not read
	[1:0]	

W240 : Following Bits of signal 'x_cnt' (File Name: top_CNN.v Line No.: 17) are not read
	[4:0]	

W240 : Following Bits of signal 'x_cnt_p' (File Name: top_CNN.v Line No.: 19) are not read
	[4:0]	

W240 : Following Bits of signal 'x_cnt_ppp' (File Name: top_CNN.v Line No.: 23) are not read
	[4:0]	

W240 : Following Bits of signal 'y_cnt' (File Name: top_CNN.v Line No.: 18) are not read
	[4:0]	

W240 : Following Bits of signal 'y_cnt_p' (File Name: top_CNN.v Line No.: 20) are not read
	[4:0]	

W240 : Following Bits of signal 'y_cnt_ppp' (File Name: top_CNN.v Line No.: 24) are not read
	[4:0]	

W123 (Verilog) : There are no violations of the rule for multibit variables



Module : wen(Hierarchy :Convnet_top:wen@wen)

W240 : Following Bits of signal 'x_cnt_pp' (File Name: wen.v Line No.: 5) are not read
	[4:0]	

W240 : Following Bits of signal 'x_cnt_ppp' (File Name: wen.v Line No.: 7) are not read
	[4:0]	

W240 : Following Bits of signal 'y_cnt_pp' (File Name: wen.v Line No.: 6) are not read
	[4:0]	

W240 : Following Bits of signal 'y_cnt_ppp' (File Name: wen.v Line No.: 8) are not read
	[4:0]	