
################################################################################
#
# This file has been generated by SpyGlass:
#     Report Name      : moresimple
#     Report Created by: u105061255
#     Report Created on:  Thu Dec 12 06:46:45 2019
#     Working Directory: /home/u105/u105061255/ICLAB/HW5/PART2/hdl
#     SpyGlass Version : SpyGlass_vO-2018.09-SP2
#     Policy Name      : SpyGlass(SpyGlass_vO-2018.09-SP2)
#                        lint(SpyGlass_vO-2018.09-SP2)
#
#     Total Number of Generated Messages :          5
#     Number of Waived Messages          :          0
#     Number of Reported Messages        :          5
#     Number of Overlimit Messages       :          0
#
#
################################################################################

+++++++++++++++++++++++++++++++++++++++++++++++++++++++++++++++++++++++
MORESIMPLE REPORT:


############### BuiltIn -> RuleGroup=Design Read ###############
+++++++++++++++++++++++++++++++++++++++++++++++++++++++++++++++++++++++++++++++++++++++
ID       Rule                    Alias                   Severity    File                                                                          Line    Wt      Message
======================================================================================
[3]      DetectTopDesignUnits    DetectTopDesignUnits    Info        Convnet_top.v                                                                 1       2       Module Convnet_top is a top level design unit
[1]      WRN_1024                WRN_1024                Warning     top_CNN.v                                                                     286     1000    signed argument '127' passed to $signed system function call
[2]      WRN_1024                WRN_1024                Warning     top_CNN.v                                                                     288     1000    signed argument '0' passed to $signed system function call
[0]      ElabSummary             ElabSummary             Info        ./spyglass-1/lint/lint_abstract/spyglass_reports/SpyGlass/elab_summary.rpt    0       2       Please refer file './spyglass-1/lint/lint_abstract/spyglass_reports/SpyGlass/elab_summary.rpt' for elab summary report
+++++++++++++++++++++++++++++++++++++++++++++++++++++++++++++++++++++++++++++++++++++++


############### Non-BuiltIn -> Goal=lint/lint_abstract ###############
+++++++++++++++++++++++++++++++++++++++++++++++++++++++++++++++++++++++++++++++++++++++
ID       Rule               Alias    Severity    File                                                                                                                                            Line    Wt    Message
======================================================================================
[4]      LINT_abstract01             Info        ./spyglass-1/lint/lint_abstract/spyglass_reports/abstract_view/Convnet_top_ACT_PER_ADDR_4_BIAS_PER_ADDR_1_BW_PER_ACT_8__1_lint_abstract.sgdc    0       2     Abstract view for design 'Convnet_top' succesfully created
+++++++++++++++++++++++++++++++++++++++++++++++++++++++++++++++++++++++++++++++++++++++
